2023-07-24 03:32:22,396 - httpx - INFO - HTTP Request: POST https://api.telegram.org/bot6648405836:AAG0-vh6zU9yKdx3_K-PoYMyrKEvXYnI7yQ/getMe "HTTP/1.1 200 OK"
2023-07-24 03:32:22,561 - httpx - INFO - HTTP Request: POST https://api.telegram.org/bot6648405836:AAG0-vh6zU9yKdx3_K-PoYMyrKEvXYnI7yQ/deleteWebhook "HTTP/1.1 200 OK"
2023-07-24 03:32:22,570 - telegram.ext.Application - INFO - Application started
2023-07-24 03:32:34,145 - httpx - INFO - HTTP Request: POST https://api.telegram.org/bot6648405836:AAG0-vh6zU9yKdx3_K-PoYMyrKEvXYnI7yQ/getUpdates "HTTP/1.1 200 OK"
2023-07-24 03:32:36,765 - httpx - INFO - HTTP Request: POST https://api.telegram.org/bot6648405836:AAG0-vh6zU9yKdx3_K-PoYMyrKEvXYnI7yQ/getUpdates "HTTP/1.1 200 OK"
2023-07-24 03:32:43,460 - httpx - INFO - HTTP Request: POST https://api.telegram.org/bot6648405836:AAG0-vh6zU9yKdx3_K-PoYMyrKEvXYnI7yQ/getUpdates "HTTP/1.1 200 OK"
2023-07-24 03:32:44,124 - httpx - INFO - HTTP Request: POST https://api.telegram.org/bot6648405836:AAG0-vh6zU9yKdx3_K-PoYMyrKEvXYnI7yQ/sendMessage "HTTP/1.1 200 OK"
2023-07-24 03:32:44,464 - httpx - INFO - HTTP Request: POST https://api.telegram.org/bot6648405836:AAG0-vh6zU9yKdx3_K-PoYMyrKEvXYnI7yQ/sendMessage "HTTP/1.1 200 OK"
2023-07-24 03:32:44,772 - httpx - INFO - HTTP Request: POST https://api.telegram.org/bot6648405836:AAG0-vh6zU9yKdx3_K-PoYMyrKEvXYnI7yQ/sendMessage "HTTP/1.1 200 OK"
2023-07-24 03:32:53,111 - httpx - INFO - HTTP Request: POST https://api.telegram.org/bot6648405836:AAG0-vh6zU9yKdx3_K-PoYMyrKEvXYnI7yQ/getUpdates "HTTP/1.1 200 OK"
2023-07-24 03:33:03,343 - httpx - INFO - HTTP Request: POST https://api.telegram.org/bot6648405836:AAG0-vh6zU9yKdx3_K-PoYMyrKEvXYnI7yQ/getUpdates "HTTP/1.1 200 OK"
2023-07-24 03:33:13,520 - httpx - INFO - HTTP Request: POST https://api.telegram.org/bot6648405836:AAG0-vh6zU9yKdx3_K-PoYMyrKEvXYnI7yQ/getUpdates "HTTP/1.1 200 OK"
2023-07-24 03:33:23,685 - httpx - INFO - HTTP Request: POST https://api.telegram.org/bot6648405836:AAG0-vh6zU9yKdx3_K-PoYMyrKEvXYnI7yQ/getUpdates "HTTP/1.1 200 OK"
2023-07-24 03:33:33,851 - httpx - INFO - HTTP Request: POST https://api.telegram.org/bot6648405836:AAG0-vh6zU9yKdx3_K-PoYMyrKEvXYnI7yQ/getUpdates "HTTP/1.1 200 OK"
2023-07-24 03:33:44,018 - httpx - INFO - HTTP Request: POST https://api.telegram.org/bot6648405836:AAG0-vh6zU9yKdx3_K-PoYMyrKEvXYnI7yQ/getUpdates "HTTP/1.1 200 OK"
2023-07-24 03:33:54,183 - httpx - INFO - HTTP Request: POST https://api.telegram.org/bot6648405836:AAG0-vh6zU9yKdx3_K-PoYMyrKEvXYnI7yQ/getUpdates "HTTP/1.1 200 OK"
2023-07-24 03:34:04,359 - httpx - INFO - HTTP Request: POST https://api.telegram.org/bot6648405836:AAG0-vh6zU9yKdx3_K-PoYMyrKEvXYnI7yQ/getUpdates "HTTP/1.1 200 OK"
2023-07-24 03:34:07,076 - telegram.ext.Application - INFO - Application is stopping. This might take a moment.
2023-07-24 03:34:07,078 - telegram.ext.Application - INFO - Application.stop() complete
2023-07-24 03:39:27,382 - httpx - INFO - HTTP Request: POST https://api.telegram.org/bot6648405836:AAG0-vh6zU9yKdx3_K-PoYMyrKEvXYnI7yQ/getMe "HTTP/1.1 200 OK"
2023-07-24 03:39:27,557 - httpx - INFO - HTTP Request: POST https://api.telegram.org/bot6648405836:AAG0-vh6zU9yKdx3_K-PoYMyrKEvXYnI7yQ/deleteWebhook "HTTP/1.1 200 OK"
2023-07-24 03:39:27,569 - telegram.ext.Application - INFO - Application started
2023-07-24 03:39:38,049 - httpx - INFO - HTTP Request: POST https://api.telegram.org/bot6648405836:AAG0-vh6zU9yKdx3_K-PoYMyrKEvXYnI7yQ/getUpdates "HTTP/1.1 200 OK"
2023-07-24 03:39:48,214 - httpx - INFO - HTTP Request: POST https://api.telegram.org/bot6648405836:AAG0-vh6zU9yKdx3_K-PoYMyrKEvXYnI7yQ/getUpdates "HTTP/1.1 200 OK"
2023-07-24 03:39:48,714 - httpx - INFO - HTTP Request: POST https://api.telegram.org/bot6648405836:AAG0-vh6zU9yKdx3_K-PoYMyrKEvXYnI7yQ/getUpdates "HTTP/1.1 200 OK"
2023-07-24 03:39:49,383 - httpx - INFO - HTTP Request: POST https://api.telegram.org/bot6648405836:AAG0-vh6zU9yKdx3_K-PoYMyrKEvXYnI7yQ/sendMessage "HTTP/1.1 200 OK"
2023-07-24 03:39:49,685 - httpx - INFO - HTTP Request: POST https://api.telegram.org/bot6648405836:AAG0-vh6zU9yKdx3_K-PoYMyrKEvXYnI7yQ/sendMessage "HTTP/1.1 200 OK"
2023-07-24 03:39:50,018 - httpx - INFO - HTTP Request: POST https://api.telegram.org/bot6648405836:AAG0-vh6zU9yKdx3_K-PoYMyrKEvXYnI7yQ/sendMessage "HTTP/1.1 200 OK"
2023-07-24 03:39:55,549 - httpx - INFO - HTTP Request: POST https://api.telegram.org/bot6648405836:AAG0-vh6zU9yKdx3_K-PoYMyrKEvXYnI7yQ/getUpdates "HTTP/1.1 200 OK"
2023-07-24 03:40:00,263 - telegram.ext.Application - INFO - Application is stopping. This might take a moment.
2023-07-24 03:40:00,265 - telegram.ext.Application - INFO - Application.stop() complete
2023-07-24 03:41:45,846 - httpx - INFO - HTTP Request: POST https://api.telegram.org/bot6648405836:AAG0-vh6zU9yKdx3_K-PoYMyrKEvXYnI7yQ/getMe "HTTP/1.1 200 OK"
2023-07-24 03:41:46,001 - httpx - INFO - HTTP Request: POST https://api.telegram.org/bot6648405836:AAG0-vh6zU9yKdx3_K-PoYMyrKEvXYnI7yQ/deleteWebhook "HTTP/1.1 200 OK"
2023-07-24 03:41:46,009 - telegram.ext.Application - INFO - Application started
2023-07-24 03:41:56,510 - httpx - INFO - HTTP Request: POST https://api.telegram.org/bot6648405836:AAG0-vh6zU9yKdx3_K-PoYMyrKEvXYnI7yQ/getUpdates "HTTP/1.1 200 OK"
2023-07-24 03:42:06,676 - httpx - INFO - HTTP Request: POST https://api.telegram.org/bot6648405836:AAG0-vh6zU9yKdx3_K-PoYMyrKEvXYnI7yQ/getUpdates "HTTP/1.1 200 OK"
2023-07-24 03:42:10,117 - httpx - INFO - HTTP Request: POST https://api.telegram.org/bot6648405836:AAG0-vh6zU9yKdx3_K-PoYMyrKEvXYnI7yQ/getUpdates "HTTP/1.1 200 OK"
2023-07-24 03:42:10,772 - httpx - INFO - HTTP Request: POST https://api.telegram.org/bot6648405836:AAG0-vh6zU9yKdx3_K-PoYMyrKEvXYnI7yQ/sendMessage "HTTP/1.1 200 OK"
2023-07-24 03:42:11,081 - httpx - INFO - HTTP Request: POST https://api.telegram.org/bot6648405836:AAG0-vh6zU9yKdx3_K-PoYMyrKEvXYnI7yQ/sendMessage "HTTP/1.1 200 OK"
2023-07-24 03:42:11,392 - httpx - INFO - HTTP Request: POST https://api.telegram.org/bot6648405836:AAG0-vh6zU9yKdx3_K-PoYMyrKEvXYnI7yQ/sendMessage "HTTP/1.1 200 OK"
2023-07-24 03:42:17,900 - httpx - INFO - HTTP Request: POST https://api.telegram.org/bot6648405836:AAG0-vh6zU9yKdx3_K-PoYMyrKEvXYnI7yQ/getUpdates "HTTP/1.1 200 OK"
2023-07-24 03:42:27,184 - httpx - INFO - HTTP Request: POST https://api.telegram.org/bot6648405836:AAG0-vh6zU9yKdx3_K-PoYMyrKEvXYnI7yQ/getUpdates "HTTP/1.1 200 OK"
2023-07-24 03:42:30,573 - httpx - INFO - HTTP Request: POST https://api.telegram.org/bot6648405836:AAG0-vh6zU9yKdx3_K-PoYMyrKEvXYnI7yQ/getUpdates "HTTP/1.1 200 OK"
2023-07-24 03:42:40,745 - httpx - INFO - HTTP Request: POST https://api.telegram.org/bot6648405836:AAG0-vh6zU9yKdx3_K-PoYMyrKEvXYnI7yQ/getUpdates "HTTP/1.1 200 OK"
2023-07-24 03:42:50,915 - httpx - INFO - HTTP Request: POST https://api.telegram.org/bot6648405836:AAG0-vh6zU9yKdx3_K-PoYMyrKEvXYnI7yQ/getUpdates "HTTP/1.1 200 OK"
2023-07-24 03:43:01,085 - httpx - INFO - HTTP Request: POST https://api.telegram.org/bot6648405836:AAG0-vh6zU9yKdx3_K-PoYMyrKEvXYnI7yQ/getUpdates "HTTP/1.1 200 OK"
2023-07-24 03:43:11,258 - httpx - INFO - HTTP Request: POST https://api.telegram.org/bot6648405836:AAG0-vh6zU9yKdx3_K-PoYMyrKEvXYnI7yQ/getUpdates "HTTP/1.1 200 OK"
2023-07-24 03:43:21,429 - httpx - INFO - HTTP Request: POST https://api.telegram.org/bot6648405836:AAG0-vh6zU9yKdx3_K-PoYMyrKEvXYnI7yQ/getUpdates "HTTP/1.1 200 OK"
2023-07-24 03:43:28,037 - telegram.ext.Application - INFO - Application is stopping. This might take a moment.
2023-07-24 03:43:28,039 - telegram.ext.Application - INFO - Application.stop() complete
2023-07-24 03:43:32,432 - httpx - INFO - HTTP Request: POST https://api.telegram.org/bot6648405836:AAG0-vh6zU9yKdx3_K-PoYMyrKEvXYnI7yQ/getMe "HTTP/1.1 200 OK"
2023-07-24 03:43:32,585 - httpx - INFO - HTTP Request: POST https://api.telegram.org/bot6648405836:AAG0-vh6zU9yKdx3_K-PoYMyrKEvXYnI7yQ/deleteWebhook "HTTP/1.1 200 OK"
2023-07-24 03:43:32,597 - telegram.ext.Application - INFO - Application started
2023-07-24 03:43:34,944 - httpx - INFO - HTTP Request: POST https://api.telegram.org/bot6648405836:AAG0-vh6zU9yKdx3_K-PoYMyrKEvXYnI7yQ/getUpdates "HTTP/1.1 200 OK"
2023-07-24 03:43:35,261 - httpx - INFO - HTTP Request: POST https://api.telegram.org/bot6648405836:AAG0-vh6zU9yKdx3_K-PoYMyrKEvXYnI7yQ/sendMessage "HTTP/1.1 200 OK"
2023-07-24 03:43:35,588 - httpx - INFO - HTTP Request: POST https://api.telegram.org/bot6648405836:AAG0-vh6zU9yKdx3_K-PoYMyrKEvXYnI7yQ/sendMessage "HTTP/1.1 200 OK"
2023-07-24 03:43:35,891 - httpx - INFO - HTTP Request: POST https://api.telegram.org/bot6648405836:AAG0-vh6zU9yKdx3_K-PoYMyrKEvXYnI7yQ/sendMessage "HTTP/1.1 200 OK"
2023-07-24 03:43:39,525 - httpx - INFO - HTTP Request: POST https://api.telegram.org/bot6648405836:AAG0-vh6zU9yKdx3_K-PoYMyrKEvXYnI7yQ/getUpdates "HTTP/1.1 200 OK"
2023-07-24 03:43:49,691 - httpx - INFO - HTTP Request: POST https://api.telegram.org/bot6648405836:AAG0-vh6zU9yKdx3_K-PoYMyrKEvXYnI7yQ/getUpdates "HTTP/1.1 200 OK"
2023-07-24 03:43:59,848 - httpx - INFO - HTTP Request: POST https://api.telegram.org/bot6648405836:AAG0-vh6zU9yKdx3_K-PoYMyrKEvXYnI7yQ/getUpdates "HTTP/1.1 200 OK"
2023-07-24 03:44:10,010 - httpx - INFO - HTTP Request: POST https://api.telegram.org/bot6648405836:AAG0-vh6zU9yKdx3_K-PoYMyrKEvXYnI7yQ/getUpdates "HTTP/1.1 200 OK"
2023-07-24 03:44:20,171 - httpx - INFO - HTTP Request: POST https://api.telegram.org/bot6648405836:AAG0-vh6zU9yKdx3_K-PoYMyrKEvXYnI7yQ/getUpdates "HTTP/1.1 200 OK"
2023-07-24 03:44:30,331 - httpx - INFO - HTTP Request: POST https://api.telegram.org/bot6648405836:AAG0-vh6zU9yKdx3_K-PoYMyrKEvXYnI7yQ/getUpdates "HTTP/1.1 200 OK"
2023-07-24 03:44:40,499 - httpx - INFO - HTTP Request: POST https://api.telegram.org/bot6648405836:AAG0-vh6zU9yKdx3_K-PoYMyrKEvXYnI7yQ/getUpdates "HTTP/1.1 200 OK"
2023-07-24 03:44:50,661 - httpx - INFO - HTTP Request: POST https://api.telegram.org/bot6648405836:AAG0-vh6zU9yKdx3_K-PoYMyrKEvXYnI7yQ/getUpdates "HTTP/1.1 200 OK"
2023-07-24 03:45:00,823 - httpx - INFO - HTTP Request: POST https://api.telegram.org/bot6648405836:AAG0-vh6zU9yKdx3_K-PoYMyrKEvXYnI7yQ/getUpdates "HTTP/1.1 200 OK"
2023-07-24 03:45:10,992 - httpx - INFO - HTTP Request: POST https://api.telegram.org/bot6648405836:AAG0-vh6zU9yKdx3_K-PoYMyrKEvXYnI7yQ/getUpdates "HTTP/1.1 200 OK"
2023-07-24 03:45:21,153 - httpx - INFO - HTTP Request: POST https://api.telegram.org/bot6648405836:AAG0-vh6zU9yKdx3_K-PoYMyrKEvXYnI7yQ/getUpdates "HTTP/1.1 200 OK"
2023-07-24 03:45:31,317 - httpx - INFO - HTTP Request: POST https://api.telegram.org/bot6648405836:AAG0-vh6zU9yKdx3_K-PoYMyrKEvXYnI7yQ/getUpdates "HTTP/1.1 200 OK"
2023-07-24 03:45:41,479 - httpx - INFO - HTTP Request: POST https://api.telegram.org/bot6648405836:AAG0-vh6zU9yKdx3_K-PoYMyrKEvXYnI7yQ/getUpdates "HTTP/1.1 200 OK"
2023-07-24 03:45:51,642 - httpx - INFO - HTTP Request: POST https://api.telegram.org/bot6648405836:AAG0-vh6zU9yKdx3_K-PoYMyrKEvXYnI7yQ/getUpdates "HTTP/1.1 200 OK"
2023-07-24 03:46:01,805 - httpx - INFO - HTTP Request: POST https://api.telegram.org/bot6648405836:AAG0-vh6zU9yKdx3_K-PoYMyrKEvXYnI7yQ/getUpdates "HTTP/1.1 200 OK"
2023-07-24 03:46:11,968 - httpx - INFO - HTTP Request: POST https://api.telegram.org/bot6648405836:AAG0-vh6zU9yKdx3_K-PoYMyrKEvXYnI7yQ/getUpdates "HTTP/1.1 200 OK"
2023-07-24 03:46:22,130 - httpx - INFO - HTTP Request: POST https://api.telegram.org/bot6648405836:AAG0-vh6zU9yKdx3_K-PoYMyrKEvXYnI7yQ/getUpdates "HTTP/1.1 200 OK"
2023-07-24 03:46:30,561 - telegram.ext.Application - INFO - Application is stopping. This might take a moment.
2023-07-24 03:46:30,567 - telegram.ext.Application - INFO - Application.stop() complete
2023-07-24 03:46:35,330 - httpx - INFO - HTTP Request: POST https://api.telegram.org/bot6648405836:AAG0-vh6zU9yKdx3_K-PoYMyrKEvXYnI7yQ/getMe "HTTP/1.1 200 OK"
2023-07-24 03:46:35,487 - httpx - INFO - HTTP Request: POST https://api.telegram.org/bot6648405836:AAG0-vh6zU9yKdx3_K-PoYMyrKEvXYnI7yQ/deleteWebhook "HTTP/1.1 200 OK"
2023-07-24 03:46:35,500 - telegram.ext.Application - INFO - Application started
2023-07-24 03:46:39,043 - httpx - INFO - HTTP Request: POST https://api.telegram.org/bot6648405836:AAG0-vh6zU9yKdx3_K-PoYMyrKEvXYnI7yQ/getUpdates "HTTP/1.1 200 OK"
2023-07-24 03:46:39,367 - httpx - INFO - HTTP Request: POST https://api.telegram.org/bot6648405836:AAG0-vh6zU9yKdx3_K-PoYMyrKEvXYnI7yQ/sendMessage "HTTP/1.1 200 OK"
2023-07-24 03:46:39,672 - httpx - INFO - HTTP Request: POST https://api.telegram.org/bot6648405836:AAG0-vh6zU9yKdx3_K-PoYMyrKEvXYnI7yQ/sendMessage "HTTP/1.1 200 OK"
2023-07-24 03:46:39,682 - telegram.ext.Application - ERROR - No error handlers are registered, logging exception.
Traceback (most recent call last):
  File "/home/sr-gus/.local/lib/python3.9/site-packages/telegram/ext/_application.py", line 1173, in process_update
    await coroutine
  File "/home/sr-gus/.local/lib/python3.9/site-packages/telegram/ext/_basehandler.py", line 141, in handle_update
    return await self.callback(update, context)
  File "/home/sr-gus/telegram-bot-horarios/bot.py", line 102, in start
    await update.message.reply_text('Ingresa los códigos de tus materias separados por comas.', reply_markup=markup)
NameError: name 'markup' is not defined
2023-07-24 03:46:49,247 - httpx - INFO - HTTP Request: POST https://api.telegram.org/bot6648405836:AAG0-vh6zU9yKdx3_K-PoYMyrKEvXYnI7yQ/getUpdates "HTTP/1.1 200 OK"
2023-07-24 03:46:59,418 - httpx - INFO - HTTP Request: POST https://api.telegram.org/bot6648405836:AAG0-vh6zU9yKdx3_K-PoYMyrKEvXYnI7yQ/getUpdates "HTTP/1.1 200 OK"
2023-07-24 03:47:09,591 - httpx - INFO - HTTP Request: POST https://api.telegram.org/bot6648405836:AAG0-vh6zU9yKdx3_K-PoYMyrKEvXYnI7yQ/getUpdates "HTTP/1.1 200 OK"
2023-07-24 03:47:19,764 - httpx - INFO - HTTP Request: POST https://api.telegram.org/bot6648405836:AAG0-vh6zU9yKdx3_K-PoYMyrKEvXYnI7yQ/getUpdates "HTTP/1.1 200 OK"
2023-07-24 03:47:29,939 - httpx - INFO - HTTP Request: POST https://api.telegram.org/bot6648405836:AAG0-vh6zU9yKdx3_K-PoYMyrKEvXYnI7yQ/getUpdates "HTTP/1.1 200 OK"
2023-07-24 03:47:40,111 - httpx - INFO - HTTP Request: POST https://api.telegram.org/bot6648405836:AAG0-vh6zU9yKdx3_K-PoYMyrKEvXYnI7yQ/getUpdates "HTTP/1.1 200 OK"
2023-07-24 03:47:50,279 - httpx - INFO - HTTP Request: POST https://api.telegram.org/bot6648405836:AAG0-vh6zU9yKdx3_K-PoYMyrKEvXYnI7yQ/getUpdates "HTTP/1.1 200 OK"
2023-07-24 03:48:00,458 - httpx - INFO - HTTP Request: POST https://api.telegram.org/bot6648405836:AAG0-vh6zU9yKdx3_K-PoYMyrKEvXYnI7yQ/getUpdates "HTTP/1.1 200 OK"
2023-07-24 03:48:11,027 - httpx - INFO - HTTP Request: POST https://api.telegram.org/bot6648405836:AAG0-vh6zU9yKdx3_K-PoYMyrKEvXYnI7yQ/getUpdates "HTTP/1.1 200 OK"
2023-07-24 03:48:14,453 - telegram.ext.Application - INFO - Application is stopping. This might take a moment.
2023-07-24 03:48:14,455 - telegram.ext.Application - INFO - Application.stop() complete
2023-07-24 03:49:14,246 - httpx - INFO - HTTP Request: POST https://api.telegram.org/bot6648405836:AAG0-vh6zU9yKdx3_K-PoYMyrKEvXYnI7yQ/getMe "HTTP/1.1 200 OK"
2023-07-24 03:49:14,402 - httpx - INFO - HTTP Request: POST https://api.telegram.org/bot6648405836:AAG0-vh6zU9yKdx3_K-PoYMyrKEvXYnI7yQ/deleteWebhook "HTTP/1.1 200 OK"
2023-07-24 03:49:14,415 - telegram.ext.Application - INFO - Application started
2023-07-24 03:49:24,616 - httpx - INFO - HTTP Request: POST https://api.telegram.org/bot6648405836:AAG0-vh6zU9yKdx3_K-PoYMyrKEvXYnI7yQ/getUpdates "HTTP/1.1 200 OK"
2023-07-24 03:49:25,293 - httpx - INFO - HTTP Request: POST https://api.telegram.org/bot6648405836:AAG0-vh6zU9yKdx3_K-PoYMyrKEvXYnI7yQ/sendMessage "HTTP/1.1 200 OK"
2023-07-24 03:49:25,599 - httpx - INFO - HTTP Request: POST https://api.telegram.org/bot6648405836:AAG0-vh6zU9yKdx3_K-PoYMyrKEvXYnI7yQ/sendMessage "HTTP/1.1 200 OK"
2023-07-24 03:49:25,923 - httpx - INFO - HTTP Request: POST https://api.telegram.org/bot6648405836:AAG0-vh6zU9yKdx3_K-PoYMyrKEvXYnI7yQ/sendMessage "HTTP/1.1 200 OK"
2023-07-24 03:49:31,659 - httpx - INFO - HTTP Request: POST https://api.telegram.org/bot6648405836:AAG0-vh6zU9yKdx3_K-PoYMyrKEvXYnI7yQ/getUpdates "HTTP/1.1 200 OK"
2023-07-24 03:49:36,469 - telegram.ext.Application - INFO - Application is stopping. This might take a moment.
2023-07-24 03:49:36,471 - telegram.ext.Application - INFO - Application.stop() complete
2023-07-24 03:57:48,593 - httpx - INFO - HTTP Request: POST https://api.telegram.org/bot6648405836:AAG0-vh6zU9yKdx3_K-PoYMyrKEvXYnI7yQ/getMe "HTTP/1.1 200 OK"
2023-07-24 03:57:48,747 - httpx - INFO - HTTP Request: POST https://api.telegram.org/bot6648405836:AAG0-vh6zU9yKdx3_K-PoYMyrKEvXYnI7yQ/deleteWebhook "HTTP/1.1 200 OK"
2023-07-24 03:57:48,757 - telegram.ext.Application - INFO - Application started
2023-07-24 03:57:50,489 - httpx - INFO - HTTP Request: POST https://api.telegram.org/bot6648405836:AAG0-vh6zU9yKdx3_K-PoYMyrKEvXYnI7yQ/getUpdates "HTTP/1.1 200 OK"
2023-07-24 03:57:50,814 - httpx - INFO - HTTP Request: POST https://api.telegram.org/bot6648405836:AAG0-vh6zU9yKdx3_K-PoYMyrKEvXYnI7yQ/sendMessage "HTTP/1.1 200 OK"
2023-07-24 03:57:51,119 - httpx - INFO - HTTP Request: POST https://api.telegram.org/bot6648405836:AAG0-vh6zU9yKdx3_K-PoYMyrKEvXYnI7yQ/sendMessage "HTTP/1.1 200 OK"
2023-07-24 03:57:51,460 - httpx - INFO - HTTP Request: POST https://api.telegram.org/bot6648405836:AAG0-vh6zU9yKdx3_K-PoYMyrKEvXYnI7yQ/sendMessage "HTTP/1.1 200 OK"
2023-07-24 03:57:59,374 - httpx - INFO - HTTP Request: POST https://api.telegram.org/bot6648405836:AAG0-vh6zU9yKdx3_K-PoYMyrKEvXYnI7yQ/getUpdates "HTTP/1.1 200 OK"
2023-07-24 03:57:59,390 - __main__ - INFO - ['828282', '82828', '282929', '929292']
2023-07-24 03:57:59,390 - __main__ - INFO - ['828282', '82828', '282929', '929292']
2023-07-24 03:57:59,392 - __main__ - INFO - ['828282', '82828', '282929', '929292']
2023-07-24 03:57:59,392 - __main__ - INFO - ['828282', '82828', '282929', '929292']
2023-07-24 03:57:59,393 - __main__ - INFO - <coroutine object load_html at 0x74240c28>
2023-07-24 03:57:59,393 - __main__ - INFO - <coroutine object load_html at 0x74240c28>
2023-07-24 03:57:59,406 - telegram.ext.Application - ERROR - No error handlers are registered, logging exception.
Traceback (most recent call last):
  File "/home/sr-gus/.local/lib/python3.9/site-packages/telegram/ext/_application.py", line 1173, in process_update
    await coroutine
  File "/home/sr-gus/.local/lib/python3.9/site-packages/telegram/ext/_conversationhandler.py", line 825, in handle_update
    new_state: object = await handler.handle_update(
  File "/home/sr-gus/.local/lib/python3.9/site-packages/telegram/ext/_basehandler.py", line 141, in handle_update
    return await self.callback(update, context)
TypeError: object int can't be used in 'await' expression
2023-07-24 03:58:09,581 - httpx - INFO - HTTP Request: POST https://api.telegram.org/bot6648405836:AAG0-vh6zU9yKdx3_K-PoYMyrKEvXYnI7yQ/getUpdates "HTTP/1.1 200 OK"
2023-07-24 03:58:19,775 - httpx - INFO - HTTP Request: POST https://api.telegram.org/bot6648405836:AAG0-vh6zU9yKdx3_K-PoYMyrKEvXYnI7yQ/getUpdates "HTTP/1.1 200 OK"
2023-07-24 03:58:29,957 - httpx - INFO - HTTP Request: POST https://api.telegram.org/bot6648405836:AAG0-vh6zU9yKdx3_K-PoYMyrKEvXYnI7yQ/getUpdates "HTTP/1.1 200 OK"
2023-07-24 03:58:40,126 - httpx - INFO - HTTP Request: POST https://api.telegram.org/bot6648405836:AAG0-vh6zU9yKdx3_K-PoYMyrKEvXYnI7yQ/getUpdates "HTTP/1.1 200 OK"
2023-07-24 03:58:50,320 - httpx - INFO - HTTP Request: POST https://api.telegram.org/bot6648405836:AAG0-vh6zU9yKdx3_K-PoYMyrKEvXYnI7yQ/getUpdates "HTTP/1.1 200 OK"
2023-07-24 03:59:00,486 - httpx - INFO - HTTP Request: POST https://api.telegram.org/bot6648405836:AAG0-vh6zU9yKdx3_K-PoYMyrKEvXYnI7yQ/getUpdates "HTTP/1.1 200 OK"
2023-07-24 03:59:10,653 - httpx - INFO - HTTP Request: POST https://api.telegram.org/bot6648405836:AAG0-vh6zU9yKdx3_K-PoYMyrKEvXYnI7yQ/getUpdates "HTTP/1.1 200 OK"
2023-07-24 03:59:20,821 - httpx - INFO - HTTP Request: POST https://api.telegram.org/bot6648405836:AAG0-vh6zU9yKdx3_K-PoYMyrKEvXYnI7yQ/getUpdates "HTTP/1.1 200 OK"
2023-07-24 03:59:30,985 - httpx - INFO - HTTP Request: POST https://api.telegram.org/bot6648405836:AAG0-vh6zU9yKdx3_K-PoYMyrKEvXYnI7yQ/getUpdates "HTTP/1.1 200 OK"
2023-07-24 03:59:41,150 - httpx - INFO - HTTP Request: POST https://api.telegram.org/bot6648405836:AAG0-vh6zU9yKdx3_K-PoYMyrKEvXYnI7yQ/getUpdates "HTTP/1.1 200 OK"
2023-07-24 03:59:51,316 - httpx - INFO - HTTP Request: POST https://api.telegram.org/bot6648405836:AAG0-vh6zU9yKdx3_K-PoYMyrKEvXYnI7yQ/getUpdates "HTTP/1.1 200 OK"
2023-07-24 04:00:01,486 - httpx - INFO - HTTP Request: POST https://api.telegram.org/bot6648405836:AAG0-vh6zU9yKdx3_K-PoYMyrKEvXYnI7yQ/getUpdates "HTTP/1.1 200 OK"
2023-07-24 04:00:11,653 - httpx - INFO - HTTP Request: POST https://api.telegram.org/bot6648405836:AAG0-vh6zU9yKdx3_K-PoYMyrKEvXYnI7yQ/getUpdates "HTTP/1.1 200 OK"
2023-07-24 04:00:21,820 - httpx - INFO - HTTP Request: POST https://api.telegram.org/bot6648405836:AAG0-vh6zU9yKdx3_K-PoYMyrKEvXYnI7yQ/getUpdates "HTTP/1.1 200 OK"
2023-07-24 04:00:31,989 - httpx - INFO - HTTP Request: POST https://api.telegram.org/bot6648405836:AAG0-vh6zU9yKdx3_K-PoYMyrKEvXYnI7yQ/getUpdates "HTTP/1.1 200 OK"
2023-07-24 04:00:42,155 - httpx - INFO - HTTP Request: POST https://api.telegram.org/bot6648405836:AAG0-vh6zU9yKdx3_K-PoYMyrKEvXYnI7yQ/getUpdates "HTTP/1.1 200 OK"
2023-07-24 04:00:52,326 - httpx - INFO - HTTP Request: POST https://api.telegram.org/bot6648405836:AAG0-vh6zU9yKdx3_K-PoYMyrKEvXYnI7yQ/getUpdates "HTTP/1.1 200 OK"
2023-07-24 04:01:02,500 - httpx - INFO - HTTP Request: POST https://api.telegram.org/bot6648405836:AAG0-vh6zU9yKdx3_K-PoYMyrKEvXYnI7yQ/getUpdates "HTTP/1.1 200 OK"
2023-07-24 04:01:06,374 - telegram.ext.Application - INFO - Application is stopping. This might take a moment.
2023-07-24 04:01:06,376 - telegram.ext.Application - INFO - Application.stop() complete
2023-07-24 04:03:09,599 - httpx - INFO - HTTP Request: POST https://api.telegram.org/bot6648405836:AAG0-vh6zU9yKdx3_K-PoYMyrKEvXYnI7yQ/getMe "HTTP/1.1 200 OK"
2023-07-24 04:03:09,768 - httpx - INFO - HTTP Request: POST https://api.telegram.org/bot6648405836:AAG0-vh6zU9yKdx3_K-PoYMyrKEvXYnI7yQ/deleteWebhook "HTTP/1.1 200 OK"
2023-07-24 04:03:09,780 - telegram.ext.Application - INFO - Application started
2023-07-24 04:03:11,858 - httpx - INFO - HTTP Request: POST https://api.telegram.org/bot6648405836:AAG0-vh6zU9yKdx3_K-PoYMyrKEvXYnI7yQ/getUpdates "HTTP/1.1 200 OK"
2023-07-24 04:03:12,186 - httpx - INFO - HTTP Request: POST https://api.telegram.org/bot6648405836:AAG0-vh6zU9yKdx3_K-PoYMyrKEvXYnI7yQ/sendMessage "HTTP/1.1 200 OK"
2023-07-24 04:03:12,990 - httpx - INFO - HTTP Request: POST https://api.telegram.org/bot6648405836:AAG0-vh6zU9yKdx3_K-PoYMyrKEvXYnI7yQ/sendMessage "HTTP/1.1 200 OK"
2023-07-24 04:03:13,349 - httpx - INFO - HTTP Request: POST https://api.telegram.org/bot6648405836:AAG0-vh6zU9yKdx3_K-PoYMyrKEvXYnI7yQ/sendMessage "HTTP/1.1 200 OK"
2023-07-24 04:03:19,248 - httpx - INFO - HTTP Request: POST https://api.telegram.org/bot6648405836:AAG0-vh6zU9yKdx3_K-PoYMyrKEvXYnI7yQ/getUpdates "HTTP/1.1 200 OK"
2023-07-24 04:03:19,264 - __main__ - INFO - ['8182828', '182829', '182929', '191919']
2023-07-24 04:03:19,264 - __main__ - INFO - ['8182828', '182829', '182929', '191919']
2023-07-24 04:03:19,266 - __main__ - INFO - ['8182828', '182829', '182929', '191919']
2023-07-24 04:03:19,266 - __main__ - INFO - ['8182828', '182829', '182929', '191919']
2023-07-24 04:03:52,582 - telegram.ext.Application - ERROR - No error handlers are registered, logging exception.
Traceback (most recent call last):
  File "/home/sr-gus/.local/lib/python3.9/site-packages/telegram/ext/_application.py", line 1173, in process_update
    await coroutine
  File "/home/sr-gus/.local/lib/python3.9/site-packages/telegram/ext/_conversationhandler.py", line 825, in handle_update
    new_state: object = await handler.handle_update(
  File "/home/sr-gus/.local/lib/python3.9/site-packages/telegram/ext/_basehandler.py", line 141, in handle_update
    return await self.callback(update, context)
  File "/home/sr-gus/telegram-bot-horarios/bot.py", line 117, in handle_codes
    options = await load_html(codes, update.message)
  File "/home/sr-gus/telegram-bot-horarios/bot.py", line 93, in load_html
    message.bot.edit_message_text(chat_id=message.chat_id, message_id=progress_msg.message_id, text=progress_txt)
AttributeError: 'Message' object has no attribute 'bot'
2023-07-24 04:03:53,102 - httpx - INFO - HTTP Request: POST https://api.telegram.org/bot6648405836:AAG0-vh6zU9yKdx3_K-PoYMyrKEvXYnI7yQ/getUpdates "HTTP/1.1 200 OK"
2023-07-24 04:04:03,281 - httpx - INFO - HTTP Request: POST https://api.telegram.org/bot6648405836:AAG0-vh6zU9yKdx3_K-PoYMyrKEvXYnI7yQ/getUpdates "HTTP/1.1 200 OK"
2023-07-24 04:04:13,455 - httpx - INFO - HTTP Request: POST https://api.telegram.org/bot6648405836:AAG0-vh6zU9yKdx3_K-PoYMyrKEvXYnI7yQ/getUpdates "HTTP/1.1 200 OK"
2023-07-24 04:04:23,625 - httpx - INFO - HTTP Request: POST https://api.telegram.org/bot6648405836:AAG0-vh6zU9yKdx3_K-PoYMyrKEvXYnI7yQ/getUpdates "HTTP/1.1 200 OK"
2023-07-24 04:04:33,799 - httpx - INFO - HTTP Request: POST https://api.telegram.org/bot6648405836:AAG0-vh6zU9yKdx3_K-PoYMyrKEvXYnI7yQ/getUpdates "HTTP/1.1 200 OK"
2023-07-24 04:04:43,963 - httpx - INFO - HTTP Request: POST https://api.telegram.org/bot6648405836:AAG0-vh6zU9yKdx3_K-PoYMyrKEvXYnI7yQ/getUpdates "HTTP/1.1 200 OK"
2023-07-24 04:04:49,152 - telegram.ext.Application - INFO - Application is stopping. This might take a moment.
2023-07-24 04:04:49,154 - telegram.ext.Application - INFO - Application.stop() complete
2023-07-24 04:04:54,107 - httpx - INFO - HTTP Request: POST https://api.telegram.org/bot6648405836:AAG0-vh6zU9yKdx3_K-PoYMyrKEvXYnI7yQ/getMe "HTTP/1.1 200 OK"
2023-07-24 04:04:54,263 - httpx - INFO - HTTP Request: POST https://api.telegram.org/bot6648405836:AAG0-vh6zU9yKdx3_K-PoYMyrKEvXYnI7yQ/deleteWebhook "HTTP/1.1 200 OK"
2023-07-24 04:04:54,276 - telegram.ext.Application - INFO - Application started
2023-07-24 04:04:58,990 - httpx - INFO - HTTP Request: POST https://api.telegram.org/bot6648405836:AAG0-vh6zU9yKdx3_K-PoYMyrKEvXYnI7yQ/getUpdates "HTTP/1.1 200 OK"
2023-07-24 04:04:59,337 - httpx - INFO - HTTP Request: POST https://api.telegram.org/bot6648405836:AAG0-vh6zU9yKdx3_K-PoYMyrKEvXYnI7yQ/sendMessage "HTTP/1.1 200 OK"
2023-07-24 04:04:59,648 - httpx - INFO - HTTP Request: POST https://api.telegram.org/bot6648405836:AAG0-vh6zU9yKdx3_K-PoYMyrKEvXYnI7yQ/sendMessage "HTTP/1.1 200 OK"
2023-07-24 04:05:00,089 - httpx - INFO - HTTP Request: POST https://api.telegram.org/bot6648405836:AAG0-vh6zU9yKdx3_K-PoYMyrKEvXYnI7yQ/sendMessage "HTTP/1.1 200 OK"
2023-07-24 04:05:03,875 - httpx - INFO - HTTP Request: POST https://api.telegram.org/bot6648405836:AAG0-vh6zU9yKdx3_K-PoYMyrKEvXYnI7yQ/getUpdates "HTTP/1.1 200 OK"
2023-07-24 04:05:03,891 - __main__ - INFO - ['7282828', '818281', '91919']
2023-07-24 04:05:03,891 - __main__ - INFO - ['7282828', '818281', '91919']
2023-07-24 04:05:03,893 - __main__ - INFO - ['7282828', '818281', '91919']
2023-07-24 04:05:03,893 - __main__ - INFO - ['7282828', '818281', '91919']
2023-07-24 04:05:04,203 - httpx - INFO - HTTP Request: POST https://api.telegram.org/bot6648405836:AAG0-vh6zU9yKdx3_K-PoYMyrKEvXYnI7yQ/sendMessage "HTTP/1.1 200 OK"
2023-07-24 04:05:35,126 - httpx - INFO - HTTP Request: POST https://api.telegram.org/bot6648405836:AAG0-vh6zU9yKdx3_K-PoYMyrKEvXYnI7yQ/sendMessage "HTTP/1.1 200 OK"
2023-07-24 04:05:35,136 - telegram.ext.Application - ERROR - No error handlers are registered, logging exception.
Traceback (most recent call last):
  File "/home/sr-gus/.local/lib/python3.9/site-packages/telegram/ext/_application.py", line 1173, in process_update
    await coroutine
  File "/home/sr-gus/.local/lib/python3.9/site-packages/telegram/ext/_conversationhandler.py", line 825, in handle_update
    new_state: object = await handler.handle_update(
  File "/home/sr-gus/.local/lib/python3.9/site-packages/telegram/ext/_basehandler.py", line 141, in handle_update
    return await self.callback(update, context)
  File "/home/sr-gus/telegram-bot-horarios/bot.py", line 117, in handle_codes
    options = await load_html(codes, update.message)
  File "/home/sr-gus/telegram-bot-horarios/bot.py", line 93, in load_html
    message.bot.edit_message_text(chat_id=message.chat_id, message_id=progress_msg.message_id, text=progress_txt)
AttributeError: 'Message' object has no attribute 'bot'
2023-07-24 04:05:45,024 - httpx - INFO - HTTP Request: POST https://api.telegram.org/bot6648405836:AAG0-vh6zU9yKdx3_K-PoYMyrKEvXYnI7yQ/getUpdates "HTTP/1.1 200 OK"
2023-07-24 04:05:55,192 - httpx - INFO - HTTP Request: POST https://api.telegram.org/bot6648405836:AAG0-vh6zU9yKdx3_K-PoYMyrKEvXYnI7yQ/getUpdates "HTTP/1.1 200 OK"
2023-07-24 04:06:05,363 - httpx - INFO - HTTP Request: POST https://api.telegram.org/bot6648405836:AAG0-vh6zU9yKdx3_K-PoYMyrKEvXYnI7yQ/getUpdates "HTTP/1.1 200 OK"
2023-07-24 04:06:15,533 - httpx - INFO - HTTP Request: POST https://api.telegram.org/bot6648405836:AAG0-vh6zU9yKdx3_K-PoYMyrKEvXYnI7yQ/getUpdates "HTTP/1.1 200 OK"
2023-07-24 04:06:25,700 - httpx - INFO - HTTP Request: POST https://api.telegram.org/bot6648405836:AAG0-vh6zU9yKdx3_K-PoYMyrKEvXYnI7yQ/getUpdates "HTTP/1.1 200 OK"
2023-07-24 04:06:35,872 - httpx - INFO - HTTP Request: POST https://api.telegram.org/bot6648405836:AAG0-vh6zU9yKdx3_K-PoYMyrKEvXYnI7yQ/getUpdates "HTTP/1.1 200 OK"
2023-07-24 04:06:46,040 - httpx - INFO - HTTP Request: POST https://api.telegram.org/bot6648405836:AAG0-vh6zU9yKdx3_K-PoYMyrKEvXYnI7yQ/getUpdates "HTTP/1.1 200 OK"
2023-07-24 04:06:47,034 - telegram.ext.Application - INFO - Application is stopping. This might take a moment.
2023-07-24 04:06:47,036 - telegram.ext.Application - INFO - Application.stop() complete
2023-07-24 04:06:51,752 - httpx - INFO - HTTP Request: POST https://api.telegram.org/bot6648405836:AAG0-vh6zU9yKdx3_K-PoYMyrKEvXYnI7yQ/getMe "HTTP/1.1 200 OK"
2023-07-24 04:06:51,923 - httpx - INFO - HTTP Request: POST https://api.telegram.org/bot6648405836:AAG0-vh6zU9yKdx3_K-PoYMyrKEvXYnI7yQ/deleteWebhook "HTTP/1.1 200 OK"
2023-07-24 04:06:51,936 - telegram.ext.Application - INFO - Application started
2023-07-24 04:07:01,479 - httpx - INFO - HTTP Request: POST https://api.telegram.org/bot6648405836:AAG0-vh6zU9yKdx3_K-PoYMyrKEvXYnI7yQ/getUpdates "HTTP/1.1 200 OK"
2023-07-24 04:07:02,176 - httpx - INFO - HTTP Request: POST https://api.telegram.org/bot6648405836:AAG0-vh6zU9yKdx3_K-PoYMyrKEvXYnI7yQ/sendMessage "HTTP/1.1 200 OK"
2023-07-24 04:07:02,604 - httpx - INFO - HTTP Request: POST https://api.telegram.org/bot6648405836:AAG0-vh6zU9yKdx3_K-PoYMyrKEvXYnI7yQ/sendMessage "HTTP/1.1 200 OK"
2023-07-24 04:07:02,910 - httpx - INFO - HTTP Request: POST https://api.telegram.org/bot6648405836:AAG0-vh6zU9yKdx3_K-PoYMyrKEvXYnI7yQ/sendMessage "HTTP/1.1 200 OK"
2023-07-24 04:07:08,690 - httpx - INFO - HTTP Request: POST https://api.telegram.org/bot6648405836:AAG0-vh6zU9yKdx3_K-PoYMyrKEvXYnI7yQ/getUpdates "HTTP/1.1 200 OK"
2023-07-24 04:07:08,704 - __main__ - INFO - ['829292', '92929', '19191']
2023-07-24 04:07:08,704 - __main__ - INFO - ['829292', '92929', '19191']
2023-07-24 04:07:08,706 - __main__ - INFO - ['829292', '92929', '19191']
2023-07-24 04:07:08,706 - __main__ - INFO - ['829292', '92929', '19191']
2023-07-24 04:07:09,337 - httpx - INFO - HTTP Request: POST https://api.telegram.org/bot6648405836:AAG0-vh6zU9yKdx3_K-PoYMyrKEvXYnI7yQ/sendMessage "HTTP/1.1 200 OK"
2023-07-24 04:07:43,358 - httpx - INFO - HTTP Request: POST https://api.telegram.org/bot6648405836:AAG0-vh6zU9yKdx3_K-PoYMyrKEvXYnI7yQ/sendMessage "HTTP/1.1 200 OK"
2023-07-24 04:07:43,371 - telegram.ext.Application - ERROR - No error handlers are registered, logging exception.
Traceback (most recent call last):
  File "/home/sr-gus/.local/lib/python3.9/site-packages/telegram/ext/_application.py", line 1173, in process_update
    await coroutine
  File "/home/sr-gus/.local/lib/python3.9/site-packages/telegram/ext/_conversationhandler.py", line 825, in handle_update
    new_state: object = await handler.handle_update(
  File "/home/sr-gus/.local/lib/python3.9/site-packages/telegram/ext/_basehandler.py", line 141, in handle_update
    return await self.callback(update, context)
  File "/home/sr-gus/telegram-bot-horarios/bot.py", line 117, in handle_codes
    options = await load_html(codes, update.message)
  File "/home/sr-gus/telegram-bot-horarios/bot.py", line 93, in load_html
    message.edit_message_text(chat_id=message.chat_id, message_id=progress_msg.message_id, text=progress_txt)
AttributeError: 'Message' object has no attribute 'edit_message_text'
2023-07-24 04:07:53,199 - httpx - INFO - HTTP Request: POST https://api.telegram.org/bot6648405836:AAG0-vh6zU9yKdx3_K-PoYMyrKEvXYnI7yQ/getUpdates "HTTP/1.1 200 OK"
2023-07-24 04:08:03,372 - httpx - INFO - HTTP Request: POST https://api.telegram.org/bot6648405836:AAG0-vh6zU9yKdx3_K-PoYMyrKEvXYnI7yQ/getUpdates "HTTP/1.1 200 OK"
2023-07-24 04:08:13,539 - httpx - INFO - HTTP Request: POST https://api.telegram.org/bot6648405836:AAG0-vh6zU9yKdx3_K-PoYMyrKEvXYnI7yQ/getUpdates "HTTP/1.1 200 OK"
2023-07-24 04:08:23,709 - httpx - INFO - HTTP Request: POST https://api.telegram.org/bot6648405836:AAG0-vh6zU9yKdx3_K-PoYMyrKEvXYnI7yQ/getUpdates "HTTP/1.1 200 OK"
2023-07-24 04:08:33,875 - httpx - INFO - HTTP Request: POST https://api.telegram.org/bot6648405836:AAG0-vh6zU9yKdx3_K-PoYMyrKEvXYnI7yQ/getUpdates "HTTP/1.1 200 OK"
2023-07-24 04:08:44,048 - httpx - INFO - HTTP Request: POST https://api.telegram.org/bot6648405836:AAG0-vh6zU9yKdx3_K-PoYMyrKEvXYnI7yQ/getUpdates "HTTP/1.1 200 OK"
2023-07-24 04:08:54,214 - httpx - INFO - HTTP Request: POST https://api.telegram.org/bot6648405836:AAG0-vh6zU9yKdx3_K-PoYMyrKEvXYnI7yQ/getUpdates "HTTP/1.1 200 OK"
2023-07-24 04:09:04,381 - httpx - INFO - HTTP Request: POST https://api.telegram.org/bot6648405836:AAG0-vh6zU9yKdx3_K-PoYMyrKEvXYnI7yQ/getUpdates "HTTP/1.1 200 OK"
2023-07-24 04:09:05,950 - telegram.ext.Application - INFO - Application is stopping. This might take a moment.
2023-07-24 04:09:05,952 - telegram.ext.Application - INFO - Application.stop() complete
2023-07-24 04:09:11,187 - httpx - INFO - HTTP Request: POST https://api.telegram.org/bot6648405836:AAG0-vh6zU9yKdx3_K-PoYMyrKEvXYnI7yQ/getMe "HTTP/1.1 200 OK"
2023-07-24 04:09:11,346 - httpx - INFO - HTTP Request: POST https://api.telegram.org/bot6648405836:AAG0-vh6zU9yKdx3_K-PoYMyrKEvXYnI7yQ/deleteWebhook "HTTP/1.1 200 OK"
2023-07-24 04:09:11,358 - telegram.ext.Application - INFO - Application started
2023-07-24 04:09:13,201 - httpx - INFO - HTTP Request: POST https://api.telegram.org/bot6648405836:AAG0-vh6zU9yKdx3_K-PoYMyrKEvXYnI7yQ/getUpdates "HTTP/1.1 200 OK"
2023-07-24 04:09:13,520 - httpx - INFO - HTTP Request: POST https://api.telegram.org/bot6648405836:AAG0-vh6zU9yKdx3_K-PoYMyrKEvXYnI7yQ/sendMessage "HTTP/1.1 200 OK"
2023-07-24 04:09:13,831 - httpx - INFO - HTTP Request: POST https://api.telegram.org/bot6648405836:AAG0-vh6zU9yKdx3_K-PoYMyrKEvXYnI7yQ/sendMessage "HTTP/1.1 200 OK"
2023-07-24 04:09:14,156 - httpx - INFO - HTTP Request: POST https://api.telegram.org/bot6648405836:AAG0-vh6zU9yKdx3_K-PoYMyrKEvXYnI7yQ/sendMessage "HTTP/1.1 200 OK"
2023-07-24 04:09:17,804 - httpx - INFO - HTTP Request: POST https://api.telegram.org/bot6648405836:AAG0-vh6zU9yKdx3_K-PoYMyrKEvXYnI7yQ/getUpdates "HTTP/1.1 200 OK"
2023-07-24 04:09:17,821 - __main__ - INFO - ['8181818', '181819', '181819']
2023-07-24 04:09:17,821 - __main__ - INFO - ['8181818', '181819', '181819']
2023-07-24 04:09:17,823 - __main__ - INFO - ['8181818', '181819', '181819']
2023-07-24 04:09:17,823 - __main__ - INFO - ['8181818', '181819', '181819']
2023-07-24 04:09:18,145 - httpx - INFO - HTTP Request: POST https://api.telegram.org/bot6648405836:AAG0-vh6zU9yKdx3_K-PoYMyrKEvXYnI7yQ/sendMessage "HTTP/1.1 200 OK"
2023-07-24 04:09:49,092 - httpx - INFO - HTTP Request: POST https://api.telegram.org/bot6648405836:AAG0-vh6zU9yKdx3_K-PoYMyrKEvXYnI7yQ/sendMessage "HTTP/1.1 200 OK"
2023-07-24 04:09:49,097 - telegram.ext.Application - ERROR - No error handlers are registered, logging exception.
Traceback (most recent call last):
  File "/home/sr-gus/.local/lib/python3.9/site-packages/telegram/ext/_application.py", line 1173, in process_update
    await coroutine
  File "/home/sr-gus/.local/lib/python3.9/site-packages/telegram/ext/_conversationhandler.py", line 825, in handle_update
    new_state: object = await handler.handle_update(
  File "/home/sr-gus/.local/lib/python3.9/site-packages/telegram/ext/_basehandler.py", line 141, in handle_update
    return await self.callback(update, context)
  File "/home/sr-gus/telegram-bot-horarios/bot.py", line 117, in handle_codes
    options = await load_html(codes, update.message)
  File "/home/sr-gus/telegram-bot-horarios/bot.py", line 93, in load_html
    message.edit_text(chat_id=message.chat_id, message_id=progress_msg.message_id, text=progress_txt)
TypeError: edit_text() got an unexpected keyword argument 'chat_id'
2023-07-24 04:09:58,961 - httpx - INFO - HTTP Request: POST https://api.telegram.org/bot6648405836:AAG0-vh6zU9yKdx3_K-PoYMyrKEvXYnI7yQ/getUpdates "HTTP/1.1 200 OK"
2023-07-24 04:10:09,127 - httpx - INFO - HTTP Request: POST https://api.telegram.org/bot6648405836:AAG0-vh6zU9yKdx3_K-PoYMyrKEvXYnI7yQ/getUpdates "HTTP/1.1 200 OK"
2023-07-24 04:10:19,293 - httpx - INFO - HTTP Request: POST https://api.telegram.org/bot6648405836:AAG0-vh6zU9yKdx3_K-PoYMyrKEvXYnI7yQ/getUpdates "HTTP/1.1 200 OK"
2023-07-24 04:10:29,457 - httpx - INFO - HTTP Request: POST https://api.telegram.org/bot6648405836:AAG0-vh6zU9yKdx3_K-PoYMyrKEvXYnI7yQ/getUpdates "HTTP/1.1 200 OK"
2023-07-24 04:10:33,185 - telegram.ext.Application - INFO - Application is stopping. This might take a moment.
2023-07-24 04:10:33,187 - telegram.ext.Application - INFO - Application.stop() complete
2023-07-24 04:10:37,968 - httpx - INFO - HTTP Request: POST https://api.telegram.org/bot6648405836:AAG0-vh6zU9yKdx3_K-PoYMyrKEvXYnI7yQ/getMe "HTTP/1.1 200 OK"
2023-07-24 04:10:38,128 - httpx - INFO - HTTP Request: POST https://api.telegram.org/bot6648405836:AAG0-vh6zU9yKdx3_K-PoYMyrKEvXYnI7yQ/deleteWebhook "HTTP/1.1 200 OK"
2023-07-24 04:10:38,142 - telegram.ext.Application - INFO - Application started
2023-07-24 04:10:39,886 - httpx - INFO - HTTP Request: POST https://api.telegram.org/bot6648405836:AAG0-vh6zU9yKdx3_K-PoYMyrKEvXYnI7yQ/getUpdates "HTTP/1.1 200 OK"
2023-07-24 04:10:40,234 - httpx - INFO - HTTP Request: POST https://api.telegram.org/bot6648405836:AAG0-vh6zU9yKdx3_K-PoYMyrKEvXYnI7yQ/sendMessage "HTTP/1.1 200 OK"
2023-07-24 04:10:40,544 - httpx - INFO - HTTP Request: POST https://api.telegram.org/bot6648405836:AAG0-vh6zU9yKdx3_K-PoYMyrKEvXYnI7yQ/sendMessage "HTTP/1.1 200 OK"
2023-07-24 04:10:40,858 - httpx - INFO - HTTP Request: POST https://api.telegram.org/bot6648405836:AAG0-vh6zU9yKdx3_K-PoYMyrKEvXYnI7yQ/sendMessage "HTTP/1.1 200 OK"
2023-07-24 04:10:43,898 - httpx - INFO - HTTP Request: POST https://api.telegram.org/bot6648405836:AAG0-vh6zU9yKdx3_K-PoYMyrKEvXYnI7yQ/getUpdates "HTTP/1.1 200 OK"
2023-07-24 04:10:43,915 - __main__ - INFO - ['728181', '2828', '2818']
2023-07-24 04:10:43,915 - __main__ - INFO - ['728181', '2828', '2818']
2023-07-24 04:10:43,917 - __main__ - INFO - ['728181', '2828', '2818']
2023-07-24 04:10:43,917 - __main__ - INFO - ['728181', '2828', '2818']
2023-07-24 04:10:44,243 - httpx - INFO - HTTP Request: POST https://api.telegram.org/bot6648405836:AAG0-vh6zU9yKdx3_K-PoYMyrKEvXYnI7yQ/sendMessage "HTTP/1.1 200 OK"
2023-07-24 04:11:15,303 - httpx - INFO - HTTP Request: POST https://api.telegram.org/bot6648405836:AAG0-vh6zU9yKdx3_K-PoYMyrKEvXYnI7yQ/sendMessage "HTTP/1.1 200 OK"
2023-07-24 04:11:53,285 - httpx - INFO - HTTP Request: POST https://api.telegram.org/bot6648405836:AAG0-vh6zU9yKdx3_K-PoYMyrKEvXYnI7yQ/getMe "HTTP/1.1 200 OK"
2023-07-24 04:11:53,446 - httpx - INFO - HTTP Request: POST https://api.telegram.org/bot6648405836:AAG0-vh6zU9yKdx3_K-PoYMyrKEvXYnI7yQ/deleteWebhook "HTTP/1.1 200 OK"
2023-07-24 04:11:53,454 - telegram.ext.Application - INFO - Application started
2023-07-24 04:11:55,508 - httpx - INFO - HTTP Request: POST https://api.telegram.org/bot6648405836:AAG0-vh6zU9yKdx3_K-PoYMyrKEvXYnI7yQ/getUpdates "HTTP/1.1 200 OK"
2023-07-24 04:11:55,828 - httpx - INFO - HTTP Request: POST https://api.telegram.org/bot6648405836:AAG0-vh6zU9yKdx3_K-PoYMyrKEvXYnI7yQ/sendMessage "HTTP/1.1 200 OK"
2023-07-24 04:11:56,150 - httpx - INFO - HTTP Request: POST https://api.telegram.org/bot6648405836:AAG0-vh6zU9yKdx3_K-PoYMyrKEvXYnI7yQ/sendMessage "HTTP/1.1 200 OK"
2023-07-24 04:11:56,491 - httpx - INFO - HTTP Request: POST https://api.telegram.org/bot6648405836:AAG0-vh6zU9yKdx3_K-PoYMyrKEvXYnI7yQ/sendMessage "HTTP/1.1 200 OK"
2023-07-24 04:11:59,785 - httpx - INFO - HTTP Request: POST https://api.telegram.org/bot6648405836:AAG0-vh6zU9yKdx3_K-PoYMyrKEvXYnI7yQ/getUpdates "HTTP/1.1 200 OK"
2023-07-24 04:11:59,802 - __main__ - INFO - ['82828', '2828', '199191']
2023-07-24 04:11:59,802 - __main__ - INFO - ['82828', '2828', '199191']
2023-07-24 04:11:59,803 - __main__ - INFO - ['82828', '2828', '199191']
2023-07-24 04:11:59,803 - __main__ - INFO - ['82828', '2828', '199191']
2023-07-24 04:12:00,156 - httpx - INFO - HTTP Request: POST https://api.telegram.org/bot6648405836:AAG0-vh6zU9yKdx3_K-PoYMyrKEvXYnI7yQ/sendMessage "HTTP/1.1 200 OK"
2023-07-24 04:12:34,110 - httpx - INFO - HTTP Request: POST https://api.telegram.org/bot6648405836:AAG0-vh6zU9yKdx3_K-PoYMyrKEvXYnI7yQ/sendMessage "HTTP/1.1 200 OK"
2023-07-24 04:12:34,414 - httpx - INFO - HTTP Request: POST https://api.telegram.org/bot6648405836:AAG0-vh6zU9yKdx3_K-PoYMyrKEvXYnI7yQ/editMessageText "HTTP/1.1 200 OK"
2023-07-24 04:13:05,352 - httpx - INFO - HTTP Request: POST https://api.telegram.org/bot6648405836:AAG0-vh6zU9yKdx3_K-PoYMyrKEvXYnI7yQ/sendMessage "HTTP/1.1 200 OK"
2023-07-24 04:13:05,797 - httpx - INFO - HTTP Request: POST https://api.telegram.org/bot6648405836:AAG0-vh6zU9yKdx3_K-PoYMyrKEvXYnI7yQ/editMessageText "HTTP/1.1 200 OK"
2023-07-24 04:13:36,765 - httpx - INFO - HTTP Request: POST https://api.telegram.org/bot6648405836:AAG0-vh6zU9yKdx3_K-PoYMyrKEvXYnI7yQ/sendMessage "HTTP/1.1 200 OK"
2023-07-24 04:13:37,101 - httpx - INFO - HTTP Request: POST https://api.telegram.org/bot6648405836:AAG0-vh6zU9yKdx3_K-PoYMyrKEvXYnI7yQ/editMessageText "HTTP/1.1 200 OK"
2023-07-24 04:13:37,111 - __main__ - INFO - {}
2023-07-24 04:13:37,111 - __main__ - INFO - {}
2023-07-24 04:13:46,616 - httpx - INFO - HTTP Request: POST https://api.telegram.org/bot6648405836:AAG0-vh6zU9yKdx3_K-PoYMyrKEvXYnI7yQ/getUpdates "HTTP/1.1 200 OK"
2023-07-24 04:13:56,782 - httpx - INFO - HTTP Request: POST https://api.telegram.org/bot6648405836:AAG0-vh6zU9yKdx3_K-PoYMyrKEvXYnI7yQ/getUpdates "HTTP/1.1 200 OK"
2023-07-24 04:14:04,183 - telegram.ext.Application - INFO - Application is stopping. This might take a moment.
2023-07-24 04:14:04,185 - telegram.ext.Application - INFO - Application.stop() complete
2023-07-24 06:40:22,110 - httpx - INFO - HTTP Request: POST https://api.telegram.org/bot6648405836:AAG0-vh6zU9yKdx3_K-PoYMyrKEvXYnI7yQ/getMe "HTTP/1.1 200 OK"
2023-07-24 06:40:22,272 - httpx - INFO - HTTP Request: POST https://api.telegram.org/bot6648405836:AAG0-vh6zU9yKdx3_K-PoYMyrKEvXYnI7yQ/deleteWebhook "HTTP/1.1 200 OK"
2023-07-24 06:40:22,286 - telegram.ext.Application - INFO - Application started
2023-07-24 06:40:24,337 - httpx - INFO - HTTP Request: POST https://api.telegram.org/bot6648405836:AAG0-vh6zU9yKdx3_K-PoYMyrKEvXYnI7yQ/getUpdates "HTTP/1.1 200 OK"
2023-07-24 06:40:24,664 - httpx - INFO - HTTP Request: POST https://api.telegram.org/bot6648405836:AAG0-vh6zU9yKdx3_K-PoYMyrKEvXYnI7yQ/sendMessage "HTTP/1.1 200 OK"
2023-07-24 06:40:24,998 - httpx - INFO - HTTP Request: POST https://api.telegram.org/bot6648405836:AAG0-vh6zU9yKdx3_K-PoYMyrKEvXYnI7yQ/sendMessage "HTTP/1.1 200 OK"
2023-07-24 06:40:25,367 - httpx - INFO - HTTP Request: POST https://api.telegram.org/bot6648405836:AAG0-vh6zU9yKdx3_K-PoYMyrKEvXYnI7yQ/sendMessage "HTTP/1.1 200 OK"
2023-07-24 06:40:32,432 - httpx - INFO - HTTP Request: POST https://api.telegram.org/bot6648405836:AAG0-vh6zU9yKdx3_K-PoYMyrKEvXYnI7yQ/getUpdates "HTTP/1.1 200 OK"
2023-07-24 06:40:32,448 - __main__ - INFO - ['72838', '81883', '19929']
2023-07-24 06:40:32,448 - __main__ - INFO - ['72838', '81883', '19929']
2023-07-24 06:40:32,450 - __main__ - INFO - ['72838', '81883', '19929']
2023-07-24 06:40:32,450 - __main__ - INFO - ['72838', '81883', '19929']
2023-07-24 06:40:32,452 - telegram.ext.Application - ERROR - No error handlers are registered, logging exception.
Traceback (most recent call last):
  File "/home/sr-gus/.local/lib/python3.9/site-packages/telegram/ext/_application.py", line 1173, in process_update
    await coroutine
  File "/home/sr-gus/.local/lib/python3.9/site-packages/telegram/ext/_conversationhandler.py", line 825, in handle_update
    new_state: object = await handler.handle_update(
  File "/home/sr-gus/.local/lib/python3.9/site-packages/telegram/ext/_basehandler.py", line 141, in handle_update
    return await self.callback(update, context)
  File "/home/sr-gus/telegram-bot-horarios/bot.py", line 123, in handle_codes
    await update.message.reply_text('Se obtendrán los grupos de las materias con los siguientes códigos:\n' + codes.join('\n'))
AttributeError: 'list' object has no attribute 'join'
2023-07-24 06:40:42,632 - httpx - INFO - HTTP Request: POST https://api.telegram.org/bot6648405836:AAG0-vh6zU9yKdx3_K-PoYMyrKEvXYnI7yQ/getUpdates "HTTP/1.1 200 OK"
2023-07-24 06:40:42,705 - telegram.ext.Application - INFO - Application is stopping. This might take a moment.
2023-07-24 06:40:42,707 - telegram.ext.Application - INFO - Application.stop() complete
2023-07-24 06:41:19,929 - httpx - INFO - HTTP Request: POST https://api.telegram.org/bot6648405836:AAG0-vh6zU9yKdx3_K-PoYMyrKEvXYnI7yQ/getMe "HTTP/1.1 200 OK"
2023-07-24 06:41:20,092 - httpx - INFO - HTTP Request: POST https://api.telegram.org/bot6648405836:AAG0-vh6zU9yKdx3_K-PoYMyrKEvXYnI7yQ/deleteWebhook "HTTP/1.1 200 OK"
2023-07-24 06:41:20,105 - telegram.ext.Application - INFO - Application started
2023-07-24 06:41:24,573 - httpx - INFO - HTTP Request: POST https://api.telegram.org/bot6648405836:AAG0-vh6zU9yKdx3_K-PoYMyrKEvXYnI7yQ/getUpdates "HTTP/1.1 200 OK"
2023-07-24 06:41:24,892 - httpx - INFO - HTTP Request: POST https://api.telegram.org/bot6648405836:AAG0-vh6zU9yKdx3_K-PoYMyrKEvXYnI7yQ/sendMessage "HTTP/1.1 200 OK"
2023-07-24 06:41:25,216 - httpx - INFO - HTTP Request: POST https://api.telegram.org/bot6648405836:AAG0-vh6zU9yKdx3_K-PoYMyrKEvXYnI7yQ/sendMessage "HTTP/1.1 200 OK"
2023-07-24 06:41:25,599 - httpx - INFO - HTTP Request: POST https://api.telegram.org/bot6648405836:AAG0-vh6zU9yKdx3_K-PoYMyrKEvXYnI7yQ/sendMessage "HTTP/1.1 200 OK"
2023-07-24 06:41:31,395 - httpx - INFO - HTTP Request: POST https://api.telegram.org/bot6648405836:AAG0-vh6zU9yKdx3_K-PoYMyrKEvXYnI7yQ/getUpdates "HTTP/1.1 200 OK"
2023-07-24 06:41:31,409 - __main__ - INFO - ['123', '456', '789']
2023-07-24 06:41:31,409 - __main__ - INFO - ['123', '456', '789']
2023-07-24 06:41:31,411 - __main__ - INFO - ['123', '456', '789']
2023-07-24 06:41:31,411 - __main__ - INFO - ['123', '456', '789']
2023-07-24 06:41:32,051 - httpx - INFO - HTTP Request: POST https://api.telegram.org/bot6648405836:AAG0-vh6zU9yKdx3_K-PoYMyrKEvXYnI7yQ/sendMessage "HTTP/1.1 200 OK"
2023-07-24 06:41:41,584 - httpx - INFO - HTTP Request: POST https://api.telegram.org/bot6648405836:AAG0-vh6zU9yKdx3_K-PoYMyrKEvXYnI7yQ/getUpdates "HTTP/1.1 200 OK"
2023-07-24 06:41:46,844 - httpx - INFO - HTTP Request: POST https://api.telegram.org/bot6648405836:AAG0-vh6zU9yKdx3_K-PoYMyrKEvXYnI7yQ/getUpdates "HTTP/1.1 200 OK"
2023-07-24 06:41:47,520 - httpx - INFO - HTTP Request: POST https://api.telegram.org/bot6648405836:AAG0-vh6zU9yKdx3_K-PoYMyrKEvXYnI7yQ/sendMessage "HTTP/1.1 200 OK"
2023-07-24 06:41:47,529 - telegram.ext.Application - ERROR - No error handlers are registered, logging exception.
Traceback (most recent call last):
  File "/home/sr-gus/.local/lib/python3.9/site-packages/telegram/ext/_application.py", line 1173, in process_update
    await coroutine
  File "/home/sr-gus/.local/lib/python3.9/site-packages/telegram/ext/_conversationhandler.py", line 825, in handle_update
    new_state: object = await handler.handle_update(
  File "/home/sr-gus/.local/lib/python3.9/site-packages/telegram/ext/_basehandler.py", line 141, in handle_update
    return await self.callback(update, context)
  File "/home/sr-gus/telegram-bot-horarios/bot.py", line 139, in handle_confirmation
    options = await load_html(codes, update.message)
NameError: name 'codes' is not defined
2023-07-24 06:41:57,032 - httpx - INFO - HTTP Request: POST https://api.telegram.org/bot6648405836:AAG0-vh6zU9yKdx3_K-PoYMyrKEvXYnI7yQ/getUpdates "HTTP/1.1 200 OK"
2023-07-24 06:42:07,194 - httpx - INFO - HTTP Request: POST https://api.telegram.org/bot6648405836:AAG0-vh6zU9yKdx3_K-PoYMyrKEvXYnI7yQ/getUpdates "HTTP/1.1 200 OK"
2023-07-24 06:42:17,364 - httpx - INFO - HTTP Request: POST https://api.telegram.org/bot6648405836:AAG0-vh6zU9yKdx3_K-PoYMyrKEvXYnI7yQ/getUpdates "HTTP/1.1 200 OK"
2023-07-24 06:42:27,533 - httpx - INFO - HTTP Request: POST https://api.telegram.org/bot6648405836:AAG0-vh6zU9yKdx3_K-PoYMyrKEvXYnI7yQ/getUpdates "HTTP/1.1 200 OK"
2023-07-24 06:42:37,724 - httpx - INFO - HTTP Request: POST https://api.telegram.org/bot6648405836:AAG0-vh6zU9yKdx3_K-PoYMyrKEvXYnI7yQ/getUpdates "HTTP/1.1 200 OK"
2023-07-24 06:42:47,912 - httpx - INFO - HTTP Request: POST https://api.telegram.org/bot6648405836:AAG0-vh6zU9yKdx3_K-PoYMyrKEvXYnI7yQ/getUpdates "HTTP/1.1 200 OK"
2023-07-24 06:42:58,090 - httpx - INFO - HTTP Request: POST https://api.telegram.org/bot6648405836:AAG0-vh6zU9yKdx3_K-PoYMyrKEvXYnI7yQ/getUpdates "HTTP/1.1 200 OK"
2023-07-24 06:43:08,289 - httpx - INFO - HTTP Request: POST https://api.telegram.org/bot6648405836:AAG0-vh6zU9yKdx3_K-PoYMyrKEvXYnI7yQ/getUpdates "HTTP/1.1 200 OK"
2023-07-24 06:43:18,461 - httpx - INFO - HTTP Request: POST https://api.telegram.org/bot6648405836:AAG0-vh6zU9yKdx3_K-PoYMyrKEvXYnI7yQ/getUpdates "HTTP/1.1 200 OK"
2023-07-24 06:43:28,627 - httpx - INFO - HTTP Request: POST https://api.telegram.org/bot6648405836:AAG0-vh6zU9yKdx3_K-PoYMyrKEvXYnI7yQ/getUpdates "HTTP/1.1 200 OK"
2023-07-24 06:43:38,791 - httpx - INFO - HTTP Request: POST https://api.telegram.org/bot6648405836:AAG0-vh6zU9yKdx3_K-PoYMyrKEvXYnI7yQ/getUpdates "HTTP/1.1 200 OK"
2023-07-24 06:43:48,962 - httpx - INFO - HTTP Request: POST https://api.telegram.org/bot6648405836:AAG0-vh6zU9yKdx3_K-PoYMyrKEvXYnI7yQ/getUpdates "HTTP/1.1 200 OK"
2023-07-24 06:43:59,138 - httpx - INFO - HTTP Request: POST https://api.telegram.org/bot6648405836:AAG0-vh6zU9yKdx3_K-PoYMyrKEvXYnI7yQ/getUpdates "HTTP/1.1 200 OK"
2023-07-24 06:44:01,506 - telegram.ext.Application - INFO - Application is stopping. This might take a moment.
2023-07-24 06:44:01,508 - telegram.ext.Application - INFO - Application.stop() complete
2023-07-24 06:44:06,682 - httpx - INFO - HTTP Request: POST https://api.telegram.org/bot6648405836:AAG0-vh6zU9yKdx3_K-PoYMyrKEvXYnI7yQ/getMe "HTTP/1.1 200 OK"
2023-07-24 06:44:06,849 - httpx - INFO - HTTP Request: POST https://api.telegram.org/bot6648405836:AAG0-vh6zU9yKdx3_K-PoYMyrKEvXYnI7yQ/deleteWebhook "HTTP/1.1 200 OK"
2023-07-24 06:44:06,862 - telegram.ext.Application - INFO - Application started
2023-07-24 06:44:17,200 - httpx - INFO - HTTP Request: POST https://api.telegram.org/bot6648405836:AAG0-vh6zU9yKdx3_K-PoYMyrKEvXYnI7yQ/getUpdates "HTTP/1.1 200 OK"
2023-07-24 06:44:17,858 - httpx - INFO - HTTP Request: POST https://api.telegram.org/bot6648405836:AAG0-vh6zU9yKdx3_K-PoYMyrKEvXYnI7yQ/sendMessage "HTTP/1.1 200 OK"
2023-07-24 06:44:18,225 - httpx - INFO - HTTP Request: POST https://api.telegram.org/bot6648405836:AAG0-vh6zU9yKdx3_K-PoYMyrKEvXYnI7yQ/sendMessage "HTTP/1.1 200 OK"
2023-07-24 06:44:18,589 - httpx - INFO - HTTP Request: POST https://api.telegram.org/bot6648405836:AAG0-vh6zU9yKdx3_K-PoYMyrKEvXYnI7yQ/sendMessage "HTTP/1.1 200 OK"
2023-07-24 06:44:23,902 - httpx - INFO - HTTP Request: POST https://api.telegram.org/bot6648405836:AAG0-vh6zU9yKdx3_K-PoYMyrKEvXYnI7yQ/getUpdates "HTTP/1.1 200 OK"
2023-07-24 06:44:23,917 - __main__ - INFO - ['123', '456', '789']
2023-07-24 06:44:23,917 - __main__ - INFO - ['123', '456', '789']
2023-07-24 06:44:23,919 - __main__ - INFO - ['123', '456', '789']
2023-07-24 06:44:23,919 - __main__ - INFO - ['123', '456', '789']
2023-07-24 06:44:24,612 - httpx - INFO - HTTP Request: POST https://api.telegram.org/bot6648405836:AAG0-vh6zU9yKdx3_K-PoYMyrKEvXYnI7yQ/sendMessage "HTTP/1.1 200 OK"
2023-07-24 06:44:34,088 - httpx - INFO - HTTP Request: POST https://api.telegram.org/bot6648405836:AAG0-vh6zU9yKdx3_K-PoYMyrKEvXYnI7yQ/getUpdates "HTTP/1.1 200 OK"
2023-07-24 06:44:42,258 - httpx - INFO - HTTP Request: POST https://api.telegram.org/bot6648405836:AAG0-vh6zU9yKdx3_K-PoYMyrKEvXYnI7yQ/getUpdates "HTTP/1.1 200 OK"
2023-07-24 06:44:42,922 - httpx - INFO - HTTP Request: POST https://api.telegram.org/bot6648405836:AAG0-vh6zU9yKdx3_K-PoYMyrKEvXYnI7yQ/sendMessage "HTTP/1.1 200 OK"
2023-07-24 06:44:52,456 - httpx - INFO - HTTP Request: POST https://api.telegram.org/bot6648405836:AAG0-vh6zU9yKdx3_K-PoYMyrKEvXYnI7yQ/getUpdates "HTTP/1.1 200 OK"
2023-07-24 06:45:02,626 - httpx - INFO - HTTP Request: POST https://api.telegram.org/bot6648405836:AAG0-vh6zU9yKdx3_K-PoYMyrKEvXYnI7yQ/getUpdates "HTTP/1.1 200 OK"
2023-07-24 06:45:12,811 - httpx - INFO - HTTP Request: POST https://api.telegram.org/bot6648405836:AAG0-vh6zU9yKdx3_K-PoYMyrKEvXYnI7yQ/getUpdates "HTTP/1.1 200 OK"
2023-07-24 06:45:17,926 - httpx - INFO - HTTP Request: POST https://api.telegram.org/bot6648405836:AAG0-vh6zU9yKdx3_K-PoYMyrKEvXYnI7yQ/getUpdates "HTTP/1.1 200 OK"
2023-07-24 06:45:17,941 - __main__ - INFO - ['123', '456', '789']
2023-07-24 06:45:17,941 - __main__ - INFO - ['123', '456', '789']
2023-07-24 06:45:17,943 - __main__ - INFO - ['123', '456', '789']
2023-07-24 06:45:17,943 - __main__ - INFO - ['123', '456', '789']
2023-07-24 06:45:18,594 - httpx - INFO - HTTP Request: POST https://api.telegram.org/bot6648405836:AAG0-vh6zU9yKdx3_K-PoYMyrKEvXYnI7yQ/sendMessage "HTTP/1.1 200 OK"
2023-07-24 06:45:21,032 - httpx - INFO - HTTP Request: POST https://api.telegram.org/bot6648405836:AAG0-vh6zU9yKdx3_K-PoYMyrKEvXYnI7yQ/getUpdates "HTTP/1.1 200 OK"
2023-07-24 06:45:21,389 - httpx - INFO - HTTP Request: POST https://api.telegram.org/bot6648405836:AAG0-vh6zU9yKdx3_K-PoYMyrKEvXYnI7yQ/sendMessage "HTTP/1.1 200 OK"
2023-07-24 06:45:21,719 - httpx - INFO - HTTP Request: POST https://api.telegram.org/bot6648405836:AAG0-vh6zU9yKdx3_K-PoYMyrKEvXYnI7yQ/sendMessage "HTTP/1.1 200 OK"
2023-07-24 06:45:55,716 - httpx - INFO - HTTP Request: POST https://api.telegram.org/bot6648405836:AAG0-vh6zU9yKdx3_K-PoYMyrKEvXYnI7yQ/sendMessage "HTTP/1.1 200 OK"
2023-07-24 06:45:56,039 - httpx - INFO - HTTP Request: POST https://api.telegram.org/bot6648405836:AAG0-vh6zU9yKdx3_K-PoYMyrKEvXYnI7yQ/editMessageText "HTTP/1.1 200 OK"
2023-07-24 06:46:26,968 - httpx - INFO - HTTP Request: POST https://api.telegram.org/bot6648405836:AAG0-vh6zU9yKdx3_K-PoYMyrKEvXYnI7yQ/sendMessage "HTTP/1.1 200 OK"
2023-07-24 06:46:27,273 - httpx - INFO - HTTP Request: POST https://api.telegram.org/bot6648405836:AAG0-vh6zU9yKdx3_K-PoYMyrKEvXYnI7yQ/editMessageText "HTTP/1.1 200 OK"
2023-07-24 06:47:01,277 - httpx - INFO - HTTP Request: POST https://api.telegram.org/bot6648405836:AAG0-vh6zU9yKdx3_K-PoYMyrKEvXYnI7yQ/sendMessage "HTTP/1.1 200 OK"
2023-07-24 06:47:01,588 - httpx - INFO - HTTP Request: POST https://api.telegram.org/bot6648405836:AAG0-vh6zU9yKdx3_K-PoYMyrKEvXYnI7yQ/editMessageText "HTTP/1.1 200 OK"
2023-07-24 06:47:01,593 - __main__ - INFO - {}
2023-07-24 06:47:01,593 - __main__ - INFO - {}
2023-07-24 06:47:01,890 - httpx - INFO - HTTP Request: POST https://api.telegram.org/bot6648405836:AAG0-vh6zU9yKdx3_K-PoYMyrKEvXYnI7yQ/sendMessage "HTTP/1.1 200 OK"
2023-07-24 06:47:11,121 - httpx - INFO - HTTP Request: POST https://api.telegram.org/bot6648405836:AAG0-vh6zU9yKdx3_K-PoYMyrKEvXYnI7yQ/getUpdates "HTTP/1.1 200 OK"
2023-07-24 06:47:21,292 - httpx - INFO - HTTP Request: POST https://api.telegram.org/bot6648405836:AAG0-vh6zU9yKdx3_K-PoYMyrKEvXYnI7yQ/getUpdates "HTTP/1.1 200 OK"
2023-07-24 06:47:31,491 - httpx - INFO - HTTP Request: POST https://api.telegram.org/bot6648405836:AAG0-vh6zU9yKdx3_K-PoYMyrKEvXYnI7yQ/getUpdates "HTTP/1.1 200 OK"
2023-07-24 06:47:41,669 - httpx - INFO - HTTP Request: POST https://api.telegram.org/bot6648405836:AAG0-vh6zU9yKdx3_K-PoYMyrKEvXYnI7yQ/getUpdates "HTTP/1.1 200 OK"
2023-07-24 06:47:51,841 - httpx - INFO - HTTP Request: POST https://api.telegram.org/bot6648405836:AAG0-vh6zU9yKdx3_K-PoYMyrKEvXYnI7yQ/getUpdates "HTTP/1.1 200 OK"
2023-07-24 06:48:02,012 - httpx - INFO - HTTP Request: POST https://api.telegram.org/bot6648405836:AAG0-vh6zU9yKdx3_K-PoYMyrKEvXYnI7yQ/getUpdates "HTTP/1.1 200 OK"
2023-07-24 06:48:12,191 - httpx - INFO - HTTP Request: POST https://api.telegram.org/bot6648405836:AAG0-vh6zU9yKdx3_K-PoYMyrKEvXYnI7yQ/getUpdates "HTTP/1.1 200 OK"
2023-07-24 06:48:22,362 - httpx - INFO - HTTP Request: POST https://api.telegram.org/bot6648405836:AAG0-vh6zU9yKdx3_K-PoYMyrKEvXYnI7yQ/getUpdates "HTTP/1.1 200 OK"
2023-07-24 06:48:32,540 - httpx - INFO - HTTP Request: POST https://api.telegram.org/bot6648405836:AAG0-vh6zU9yKdx3_K-PoYMyrKEvXYnI7yQ/getUpdates "HTTP/1.1 200 OK"
2023-07-24 06:48:42,716 - httpx - INFO - HTTP Request: POST https://api.telegram.org/bot6648405836:AAG0-vh6zU9yKdx3_K-PoYMyrKEvXYnI7yQ/getUpdates "HTTP/1.1 200 OK"
2023-07-24 06:48:52,906 - httpx - INFO - HTTP Request: POST https://api.telegram.org/bot6648405836:AAG0-vh6zU9yKdx3_K-PoYMyrKEvXYnI7yQ/getUpdates "HTTP/1.1 200 OK"
2023-07-24 06:49:03,079 - httpx - INFO - HTTP Request: POST https://api.telegram.org/bot6648405836:AAG0-vh6zU9yKdx3_K-PoYMyrKEvXYnI7yQ/getUpdates "HTTP/1.1 200 OK"
2023-07-24 06:49:13,256 - httpx - INFO - HTTP Request: POST https://api.telegram.org/bot6648405836:AAG0-vh6zU9yKdx3_K-PoYMyrKEvXYnI7yQ/getUpdates "HTTP/1.1 200 OK"
2023-07-24 06:49:23,436 - httpx - INFO - HTTP Request: POST https://api.telegram.org/bot6648405836:AAG0-vh6zU9yKdx3_K-PoYMyrKEvXYnI7yQ/getUpdates "HTTP/1.1 200 OK"
2023-07-24 06:49:33,622 - httpx - INFO - HTTP Request: POST https://api.telegram.org/bot6648405836:AAG0-vh6zU9yKdx3_K-PoYMyrKEvXYnI7yQ/getUpdates "HTTP/1.1 200 OK"
2023-07-24 06:49:43,799 - httpx - INFO - HTTP Request: POST https://api.telegram.org/bot6648405836:AAG0-vh6zU9yKdx3_K-PoYMyrKEvXYnI7yQ/getUpdates "HTTP/1.1 200 OK"
2023-07-24 06:49:53,973 - httpx - INFO - HTTP Request: POST https://api.telegram.org/bot6648405836:AAG0-vh6zU9yKdx3_K-PoYMyrKEvXYnI7yQ/getUpdates "HTTP/1.1 200 OK"
2023-07-24 06:50:04,144 - httpx - INFO - HTTP Request: POST https://api.telegram.org/bot6648405836:AAG0-vh6zU9yKdx3_K-PoYMyrKEvXYnI7yQ/getUpdates "HTTP/1.1 200 OK"
2023-07-24 06:50:14,319 - httpx - INFO - HTTP Request: POST https://api.telegram.org/bot6648405836:AAG0-vh6zU9yKdx3_K-PoYMyrKEvXYnI7yQ/getUpdates "HTTP/1.1 200 OK"
2023-07-24 06:50:24,492 - httpx - INFO - HTTP Request: POST https://api.telegram.org/bot6648405836:AAG0-vh6zU9yKdx3_K-PoYMyrKEvXYnI7yQ/getUpdates "HTTP/1.1 200 OK"
2023-07-24 06:50:34,671 - httpx - INFO - HTTP Request: POST https://api.telegram.org/bot6648405836:AAG0-vh6zU9yKdx3_K-PoYMyrKEvXYnI7yQ/getUpdates "HTTP/1.1 200 OK"
2023-07-24 06:50:44,844 - httpx - INFO - HTTP Request: POST https://api.telegram.org/bot6648405836:AAG0-vh6zU9yKdx3_K-PoYMyrKEvXYnI7yQ/getUpdates "HTTP/1.1 200 OK"
2023-07-24 06:50:55,019 - httpx - INFO - HTTP Request: POST https://api.telegram.org/bot6648405836:AAG0-vh6zU9yKdx3_K-PoYMyrKEvXYnI7yQ/getUpdates "HTTP/1.1 200 OK"
2023-07-24 06:51:05,203 - httpx - INFO - HTTP Request: POST https://api.telegram.org/bot6648405836:AAG0-vh6zU9yKdx3_K-PoYMyrKEvXYnI7yQ/getUpdates "HTTP/1.1 200 OK"
2023-07-24 06:51:15,389 - httpx - INFO - HTTP Request: POST https://api.telegram.org/bot6648405836:AAG0-vh6zU9yKdx3_K-PoYMyrKEvXYnI7yQ/getUpdates "HTTP/1.1 200 OK"
2023-07-24 06:51:25,560 - httpx - INFO - HTTP Request: POST https://api.telegram.org/bot6648405836:AAG0-vh6zU9yKdx3_K-PoYMyrKEvXYnI7yQ/getUpdates "HTTP/1.1 200 OK"
2023-07-24 06:51:35,735 - httpx - INFO - HTTP Request: POST https://api.telegram.org/bot6648405836:AAG0-vh6zU9yKdx3_K-PoYMyrKEvXYnI7yQ/getUpdates "HTTP/1.1 200 OK"
2023-07-24 06:51:45,908 - httpx - INFO - HTTP Request: POST https://api.telegram.org/bot6648405836:AAG0-vh6zU9yKdx3_K-PoYMyrKEvXYnI7yQ/getUpdates "HTTP/1.1 200 OK"
2023-07-24 06:51:56,082 - httpx - INFO - HTTP Request: POST https://api.telegram.org/bot6648405836:AAG0-vh6zU9yKdx3_K-PoYMyrKEvXYnI7yQ/getUpdates "HTTP/1.1 200 OK"
2023-07-24 06:52:06,252 - httpx - INFO - HTTP Request: POST https://api.telegram.org/bot6648405836:AAG0-vh6zU9yKdx3_K-PoYMyrKEvXYnI7yQ/getUpdates "HTTP/1.1 200 OK"
2023-07-24 06:52:16,426 - httpx - INFO - HTTP Request: POST https://api.telegram.org/bot6648405836:AAG0-vh6zU9yKdx3_K-PoYMyrKEvXYnI7yQ/getUpdates "HTTP/1.1 200 OK"
2023-07-24 06:52:26,597 - httpx - INFO - HTTP Request: POST https://api.telegram.org/bot6648405836:AAG0-vh6zU9yKdx3_K-PoYMyrKEvXYnI7yQ/getUpdates "HTTP/1.1 200 OK"
2023-07-24 06:52:36,766 - httpx - INFO - HTTP Request: POST https://api.telegram.org/bot6648405836:AAG0-vh6zU9yKdx3_K-PoYMyrKEvXYnI7yQ/getUpdates "HTTP/1.1 200 OK"
2023-07-24 06:52:46,937 - httpx - INFO - HTTP Request: POST https://api.telegram.org/bot6648405836:AAG0-vh6zU9yKdx3_K-PoYMyrKEvXYnI7yQ/getUpdates "HTTP/1.1 200 OK"
2023-07-24 06:52:57,107 - httpx - INFO - HTTP Request: POST https://api.telegram.org/bot6648405836:AAG0-vh6zU9yKdx3_K-PoYMyrKEvXYnI7yQ/getUpdates "HTTP/1.1 200 OK"
2023-07-24 06:53:07,279 - httpx - INFO - HTTP Request: POST https://api.telegram.org/bot6648405836:AAG0-vh6zU9yKdx3_K-PoYMyrKEvXYnI7yQ/getUpdates "HTTP/1.1 200 OK"
2023-07-24 06:53:17,445 - httpx - INFO - HTTP Request: POST https://api.telegram.org/bot6648405836:AAG0-vh6zU9yKdx3_K-PoYMyrKEvXYnI7yQ/getUpdates "HTTP/1.1 200 OK"
2023-07-24 06:53:27,608 - httpx - INFO - HTTP Request: POST https://api.telegram.org/bot6648405836:AAG0-vh6zU9yKdx3_K-PoYMyrKEvXYnI7yQ/getUpdates "HTTP/1.1 200 OK"
2023-07-24 06:53:37,772 - httpx - INFO - HTTP Request: POST https://api.telegram.org/bot6648405836:AAG0-vh6zU9yKdx3_K-PoYMyrKEvXYnI7yQ/getUpdates "HTTP/1.1 200 OK"
2023-07-24 06:53:47,950 - httpx - INFO - HTTP Request: POST https://api.telegram.org/bot6648405836:AAG0-vh6zU9yKdx3_K-PoYMyrKEvXYnI7yQ/getUpdates "HTTP/1.1 200 OK"
2023-07-24 06:53:58,120 - httpx - INFO - HTTP Request: POST https://api.telegram.org/bot6648405836:AAG0-vh6zU9yKdx3_K-PoYMyrKEvXYnI7yQ/getUpdates "HTTP/1.1 200 OK"
2023-07-24 06:54:08,292 - httpx - INFO - HTTP Request: POST https://api.telegram.org/bot6648405836:AAG0-vh6zU9yKdx3_K-PoYMyrKEvXYnI7yQ/getUpdates "HTTP/1.1 200 OK"
2023-07-24 06:54:18,469 - httpx - INFO - HTTP Request: POST https://api.telegram.org/bot6648405836:AAG0-vh6zU9yKdx3_K-PoYMyrKEvXYnI7yQ/getUpdates "HTTP/1.1 200 OK"
2023-07-24 06:54:28,638 - httpx - INFO - HTTP Request: POST https://api.telegram.org/bot6648405836:AAG0-vh6zU9yKdx3_K-PoYMyrKEvXYnI7yQ/getUpdates "HTTP/1.1 200 OK"
2023-07-24 06:54:38,809 - httpx - INFO - HTTP Request: POST https://api.telegram.org/bot6648405836:AAG0-vh6zU9yKdx3_K-PoYMyrKEvXYnI7yQ/getUpdates "HTTP/1.1 200 OK"
2023-07-24 06:54:48,973 - httpx - INFO - HTTP Request: POST https://api.telegram.org/bot6648405836:AAG0-vh6zU9yKdx3_K-PoYMyrKEvXYnI7yQ/getUpdates "HTTP/1.1 200 OK"
2023-07-24 06:54:59,136 - httpx - INFO - HTTP Request: POST https://api.telegram.org/bot6648405836:AAG0-vh6zU9yKdx3_K-PoYMyrKEvXYnI7yQ/getUpdates "HTTP/1.1 200 OK"
2023-07-24 06:55:09,308 - httpx - INFO - HTTP Request: POST https://api.telegram.org/bot6648405836:AAG0-vh6zU9yKdx3_K-PoYMyrKEvXYnI7yQ/getUpdates "HTTP/1.1 200 OK"
2023-07-24 06:55:19,492 - httpx - INFO - HTTP Request: POST https://api.telegram.org/bot6648405836:AAG0-vh6zU9yKdx3_K-PoYMyrKEvXYnI7yQ/getUpdates "HTTP/1.1 200 OK"
2023-07-24 06:55:29,662 - httpx - INFO - HTTP Request: POST https://api.telegram.org/bot6648405836:AAG0-vh6zU9yKdx3_K-PoYMyrKEvXYnI7yQ/getUpdates "HTTP/1.1 200 OK"
2023-07-24 06:55:39,843 - httpx - INFO - HTTP Request: POST https://api.telegram.org/bot6648405836:AAG0-vh6zU9yKdx3_K-PoYMyrKEvXYnI7yQ/getUpdates "HTTP/1.1 200 OK"
2023-07-24 06:55:50,017 - httpx - INFO - HTTP Request: POST https://api.telegram.org/bot6648405836:AAG0-vh6zU9yKdx3_K-PoYMyrKEvXYnI7yQ/getUpdates "HTTP/1.1 200 OK"
2023-07-24 06:56:00,226 - httpx - INFO - HTTP Request: POST https://api.telegram.org/bot6648405836:AAG0-vh6zU9yKdx3_K-PoYMyrKEvXYnI7yQ/getUpdates "HTTP/1.1 200 OK"
2023-07-24 06:56:10,405 - httpx - INFO - HTTP Request: POST https://api.telegram.org/bot6648405836:AAG0-vh6zU9yKdx3_K-PoYMyrKEvXYnI7yQ/getUpdates "HTTP/1.1 200 OK"
2023-07-24 06:56:20,574 - httpx - INFO - HTTP Request: POST https://api.telegram.org/bot6648405836:AAG0-vh6zU9yKdx3_K-PoYMyrKEvXYnI7yQ/getUpdates "HTTP/1.1 200 OK"
2023-07-24 06:56:30,742 - httpx - INFO - HTTP Request: POST https://api.telegram.org/bot6648405836:AAG0-vh6zU9yKdx3_K-PoYMyrKEvXYnI7yQ/getUpdates "HTTP/1.1 200 OK"
2023-07-24 06:56:40,907 - httpx - INFO - HTTP Request: POST https://api.telegram.org/bot6648405836:AAG0-vh6zU9yKdx3_K-PoYMyrKEvXYnI7yQ/getUpdates "HTTP/1.1 200 OK"
2023-07-24 06:56:51,076 - httpx - INFO - HTTP Request: POST https://api.telegram.org/bot6648405836:AAG0-vh6zU9yKdx3_K-PoYMyrKEvXYnI7yQ/getUpdates "HTTP/1.1 200 OK"
2023-07-24 06:57:01,247 - httpx - INFO - HTTP Request: POST https://api.telegram.org/bot6648405836:AAG0-vh6zU9yKdx3_K-PoYMyrKEvXYnI7yQ/getUpdates "HTTP/1.1 200 OK"
2023-07-24 06:57:11,430 - httpx - INFO - HTTP Request: POST https://api.telegram.org/bot6648405836:AAG0-vh6zU9yKdx3_K-PoYMyrKEvXYnI7yQ/getUpdates "HTTP/1.1 200 OK"
2023-07-24 06:57:21,601 - httpx - INFO - HTTP Request: POST https://api.telegram.org/bot6648405836:AAG0-vh6zU9yKdx3_K-PoYMyrKEvXYnI7yQ/getUpdates "HTTP/1.1 200 OK"
2023-07-24 06:57:31,772 - httpx - INFO - HTTP Request: POST https://api.telegram.org/bot6648405836:AAG0-vh6zU9yKdx3_K-PoYMyrKEvXYnI7yQ/getUpdates "HTTP/1.1 200 OK"
2023-07-24 06:57:41,948 - httpx - INFO - HTTP Request: POST https://api.telegram.org/bot6648405836:AAG0-vh6zU9yKdx3_K-PoYMyrKEvXYnI7yQ/getUpdates "HTTP/1.1 200 OK"
2023-07-24 06:57:52,151 - httpx - INFO - HTTP Request: POST https://api.telegram.org/bot6648405836:AAG0-vh6zU9yKdx3_K-PoYMyrKEvXYnI7yQ/getUpdates "HTTP/1.1 200 OK"
2023-07-24 06:58:02,343 - httpx - INFO - HTTP Request: POST https://api.telegram.org/bot6648405836:AAG0-vh6zU9yKdx3_K-PoYMyrKEvXYnI7yQ/getUpdates "HTTP/1.1 200 OK"
2023-07-24 06:58:12,536 - httpx - INFO - HTTP Request: POST https://api.telegram.org/bot6648405836:AAG0-vh6zU9yKdx3_K-PoYMyrKEvXYnI7yQ/getUpdates "HTTP/1.1 200 OK"
2023-07-24 06:58:22,706 - httpx - INFO - HTTP Request: POST https://api.telegram.org/bot6648405836:AAG0-vh6zU9yKdx3_K-PoYMyrKEvXYnI7yQ/getUpdates "HTTP/1.1 200 OK"
2023-07-24 06:58:32,876 - httpx - INFO - HTTP Request: POST https://api.telegram.org/bot6648405836:AAG0-vh6zU9yKdx3_K-PoYMyrKEvXYnI7yQ/getUpdates "HTTP/1.1 200 OK"
2023-07-24 06:58:43,053 - httpx - INFO - HTTP Request: POST https://api.telegram.org/bot6648405836:AAG0-vh6zU9yKdx3_K-PoYMyrKEvXYnI7yQ/getUpdates "HTTP/1.1 200 OK"
2023-07-24 06:58:53,225 - httpx - INFO - HTTP Request: POST https://api.telegram.org/bot6648405836:AAG0-vh6zU9yKdx3_K-PoYMyrKEvXYnI7yQ/getUpdates "HTTP/1.1 200 OK"
2023-07-24 06:59:03,411 - httpx - INFO - HTTP Request: POST https://api.telegram.org/bot6648405836:AAG0-vh6zU9yKdx3_K-PoYMyrKEvXYnI7yQ/getUpdates "HTTP/1.1 200 OK"
2023-07-24 06:59:13,576 - httpx - INFO - HTTP Request: POST https://api.telegram.org/bot6648405836:AAG0-vh6zU9yKdx3_K-PoYMyrKEvXYnI7yQ/getUpdates "HTTP/1.1 200 OK"
2023-07-24 06:59:23,749 - httpx - INFO - HTTP Request: POST https://api.telegram.org/bot6648405836:AAG0-vh6zU9yKdx3_K-PoYMyrKEvXYnI7yQ/getUpdates "HTTP/1.1 200 OK"
2023-07-24 06:59:33,923 - httpx - INFO - HTTP Request: POST https://api.telegram.org/bot6648405836:AAG0-vh6zU9yKdx3_K-PoYMyrKEvXYnI7yQ/getUpdates "HTTP/1.1 200 OK"
2023-07-24 06:59:37,304 - telegram.ext.Application - INFO - Application is stopping. This might take a moment.
2023-07-24 06:59:37,305 - telegram.ext.Application - INFO - Application.stop() complete
2023-07-24 06:59:42,586 - httpx - INFO - HTTP Request: POST https://api.telegram.org/bot6648405836:AAG0-vh6zU9yKdx3_K-PoYMyrKEvXYnI7yQ/getMe "HTTP/1.1 200 OK"
2023-07-24 06:59:42,741 - httpx - INFO - HTTP Request: POST https://api.telegram.org/bot6648405836:AAG0-vh6zU9yKdx3_K-PoYMyrKEvXYnI7yQ/deleteWebhook "HTTP/1.1 200 OK"
2023-07-24 06:59:42,755 - telegram.ext.Application - INFO - Application started
2023-07-24 06:59:49,569 - httpx - INFO - HTTP Request: POST https://api.telegram.org/bot6648405836:AAG0-vh6zU9yKdx3_K-PoYMyrKEvXYnI7yQ/getUpdates "HTTP/1.1 200 OK"
2023-07-24 06:59:50,214 - httpx - INFO - HTTP Request: POST https://api.telegram.org/bot6648405836:AAG0-vh6zU9yKdx3_K-PoYMyrKEvXYnI7yQ/sendMessage "HTTP/1.1 200 OK"
2023-07-24 06:59:50,525 - httpx - INFO - HTTP Request: POST https://api.telegram.org/bot6648405836:AAG0-vh6zU9yKdx3_K-PoYMyrKEvXYnI7yQ/sendMessage "HTTP/1.1 200 OK"
2023-07-24 06:59:50,829 - httpx - INFO - HTTP Request: POST https://api.telegram.org/bot6648405836:AAG0-vh6zU9yKdx3_K-PoYMyrKEvXYnI7yQ/sendMessage "HTTP/1.1 200 OK"
2023-07-24 06:59:57,277 - httpx - INFO - HTTP Request: POST https://api.telegram.org/bot6648405836:AAG0-vh6zU9yKdx3_K-PoYMyrKEvXYnI7yQ/getUpdates "HTTP/1.1 200 OK"
2023-07-24 06:59:57,293 - __main__ - INFO - ['123', '456', '789']
2023-07-24 06:59:57,293 - __main__ - INFO - ['123', '456', '789']
2023-07-24 06:59:57,295 - __main__ - INFO - ['123', '456', '789']
2023-07-24 06:59:57,295 - __main__ - INFO - ['123', '456', '789']
2023-07-24 06:59:57,932 - httpx - INFO - HTTP Request: POST https://api.telegram.org/bot6648405836:AAG0-vh6zU9yKdx3_K-PoYMyrKEvXYnI7yQ/sendMessage "HTTP/1.1 200 OK"
2023-07-24 07:00:00,239 - httpx - INFO - HTTP Request: POST https://api.telegram.org/bot6648405836:AAG0-vh6zU9yKdx3_K-PoYMyrKEvXYnI7yQ/getUpdates "HTTP/1.1 200 OK"
2023-07-24 07:00:00,588 - httpx - INFO - HTTP Request: POST https://api.telegram.org/bot6648405836:AAG0-vh6zU9yKdx3_K-PoYMyrKEvXYnI7yQ/sendMessage "HTTP/1.1 200 OK"
2023-07-24 07:00:00,996 - httpx - INFO - HTTP Request: POST https://api.telegram.org/bot6648405836:AAG0-vh6zU9yKdx3_K-PoYMyrKEvXYnI7yQ/sendMessage "HTTP/1.1 200 OK"
2023-07-24 07:00:34,971 - httpx - INFO - HTTP Request: POST https://api.telegram.org/bot6648405836:AAG0-vh6zU9yKdx3_K-PoYMyrKEvXYnI7yQ/sendMessage "HTTP/1.1 200 OK"
2023-07-24 07:00:35,285 - httpx - INFO - HTTP Request: POST https://api.telegram.org/bot6648405836:AAG0-vh6zU9yKdx3_K-PoYMyrKEvXYnI7yQ/editMessageText "HTTP/1.1 200 OK"
2023-07-24 07:01:06,337 - httpx - INFO - HTTP Request: POST https://api.telegram.org/bot6648405836:AAG0-vh6zU9yKdx3_K-PoYMyrKEvXYnI7yQ/sendMessage "HTTP/1.1 200 OK"
2023-07-24 07:01:06,959 - httpx - INFO - HTTP Request: POST https://api.telegram.org/bot6648405836:AAG0-vh6zU9yKdx3_K-PoYMyrKEvXYnI7yQ/editMessageText "HTTP/1.1 200 OK"
2023-07-24 07:02:49,649 - httpx - INFO - HTTP Request: POST https://api.telegram.org/bot6648405836:AAG0-vh6zU9yKdx3_K-PoYMyrKEvXYnI7yQ/getMe "HTTP/1.1 200 OK"
2023-07-24 07:02:49,816 - httpx - INFO - HTTP Request: POST https://api.telegram.org/bot6648405836:AAG0-vh6zU9yKdx3_K-PoYMyrKEvXYnI7yQ/deleteWebhook "HTTP/1.1 200 OK"
2023-07-24 07:02:49,829 - telegram.ext.Application - INFO - Application started
2023-07-24 07:02:52,972 - httpx - INFO - HTTP Request: POST https://api.telegram.org/bot6648405836:AAG0-vh6zU9yKdx3_K-PoYMyrKEvXYnI7yQ/getUpdates "HTTP/1.1 200 OK"
2023-07-24 07:02:53,320 - httpx - INFO - HTTP Request: POST https://api.telegram.org/bot6648405836:AAG0-vh6zU9yKdx3_K-PoYMyrKEvXYnI7yQ/sendMessage "HTTP/1.1 200 OK"
2023-07-24 07:02:53,665 - httpx - INFO - HTTP Request: POST https://api.telegram.org/bot6648405836:AAG0-vh6zU9yKdx3_K-PoYMyrKEvXYnI7yQ/sendMessage "HTTP/1.1 200 OK"
2023-07-24 07:02:53,991 - httpx - INFO - HTTP Request: POST https://api.telegram.org/bot6648405836:AAG0-vh6zU9yKdx3_K-PoYMyrKEvXYnI7yQ/sendMessage "HTTP/1.1 200 OK"
2023-07-24 07:02:58,331 - httpx - INFO - HTTP Request: POST https://api.telegram.org/bot6648405836:AAG0-vh6zU9yKdx3_K-PoYMyrKEvXYnI7yQ/getUpdates "HTTP/1.1 200 OK"
2023-07-24 07:02:58,347 - __main__ - INFO - ['23', '45']
2023-07-24 07:02:58,347 - __main__ - INFO - ['23', '45']
2023-07-24 07:02:58,349 - __main__ - INFO - ['23', '45']
2023-07-24 07:02:58,349 - __main__ - INFO - ['23', '45']
2023-07-24 07:02:58,663 - httpx - INFO - HTTP Request: POST https://api.telegram.org/bot6648405836:AAG0-vh6zU9yKdx3_K-PoYMyrKEvXYnI7yQ/sendMessage "HTTP/1.1 200 OK"
2023-07-24 07:02:59,906 - httpx - INFO - HTTP Request: POST https://api.telegram.org/bot6648405836:AAG0-vh6zU9yKdx3_K-PoYMyrKEvXYnI7yQ/getUpdates "HTTP/1.1 200 OK"
2023-07-24 07:03:00,273 - httpx - INFO - HTTP Request: POST https://api.telegram.org/bot6648405836:AAG0-vh6zU9yKdx3_K-PoYMyrKEvXYnI7yQ/sendMessage "HTTP/1.1 200 OK"
2023-07-24 07:03:00,610 - httpx - INFO - HTTP Request: POST https://api.telegram.org/bot6648405836:AAG0-vh6zU9yKdx3_K-PoYMyrKEvXYnI7yQ/sendMessage "HTTP/1.1 200 OK"
2023-07-24 07:03:33,958 - telegram.ext.Application - INFO - Application is stopping. This might take a moment.
2023-07-24 07:03:34,570 - httpx - INFO - HTTP Request: POST https://api.telegram.org/bot6648405836:AAG0-vh6zU9yKdx3_K-PoYMyrKEvXYnI7yQ/sendMessage "HTTP/1.1 200 OK"
2023-07-24 07:03:34,880 - httpx - INFO - HTTP Request: POST https://api.telegram.org/bot6648405836:AAG0-vh6zU9yKdx3_K-PoYMyrKEvXYnI7yQ/editMessageText "HTTP/1.1 200 OK"
2023-07-24 07:04:08,820 - httpx - INFO - HTTP Request: POST https://api.telegram.org/bot6648405836:AAG0-vh6zU9yKdx3_K-PoYMyrKEvXYnI7yQ/sendMessage "HTTP/1.1 200 OK"
2023-07-24 07:04:09,120 - httpx - INFO - HTTP Request: POST https://api.telegram.org/bot6648405836:AAG0-vh6zU9yKdx3_K-PoYMyrKEvXYnI7yQ/editMessageText "HTTP/1.1 200 OK"
2023-07-24 07:04:09,128 - __main__ - INFO - {}
2023-07-24 07:04:09,128 - __main__ - INFO - {}
2023-07-24 07:04:09,442 - httpx - INFO - HTTP Request: POST https://api.telegram.org/bot6648405836:AAG0-vh6zU9yKdx3_K-PoYMyrKEvXYnI7yQ/sendMessage "HTTP/1.1 200 OK"
2023-07-24 07:04:09,451 - telegram.ext.Application - INFO - Application.stop() complete
2023-07-24 07:08:07,027 - httpx - INFO - HTTP Request: POST https://api.telegram.org/bot6648405836:AAG0-vh6zU9yKdx3_K-PoYMyrKEvXYnI7yQ/getMe "HTTP/1.1 200 OK"
2023-07-24 07:08:07,203 - httpx - INFO - HTTP Request: POST https://api.telegram.org/bot6648405836:AAG0-vh6zU9yKdx3_K-PoYMyrKEvXYnI7yQ/deleteWebhook "HTTP/1.1 200 OK"
2023-07-24 07:08:07,215 - telegram.ext.Application - INFO - Application started
2023-07-24 07:08:10,809 - httpx - INFO - HTTP Request: POST https://api.telegram.org/bot6648405836:AAG0-vh6zU9yKdx3_K-PoYMyrKEvXYnI7yQ/getUpdates "HTTP/1.1 200 OK"
2023-07-24 07:08:11,229 - httpx - INFO - HTTP Request: POST https://api.telegram.org/bot6648405836:AAG0-vh6zU9yKdx3_K-PoYMyrKEvXYnI7yQ/sendMessage "HTTP/1.1 200 OK"
2023-07-24 07:08:11,535 - httpx - INFO - HTTP Request: POST https://api.telegram.org/bot6648405836:AAG0-vh6zU9yKdx3_K-PoYMyrKEvXYnI7yQ/sendMessage "HTTP/1.1 200 OK"
2023-07-24 07:08:11,843 - httpx - INFO - HTTP Request: POST https://api.telegram.org/bot6648405836:AAG0-vh6zU9yKdx3_K-PoYMyrKEvXYnI7yQ/sendMessage "HTTP/1.1 200 OK"
2023-07-24 07:08:18,807 - httpx - INFO - HTTP Request: POST https://api.telegram.org/bot6648405836:AAG0-vh6zU9yKdx3_K-PoYMyrKEvXYnI7yQ/getUpdates "HTTP/1.1 200 OK"
2023-07-24 07:08:18,823 - __main__ - INFO - ['123', 'hd']
2023-07-24 07:08:18,823 - __main__ - INFO - ['123', 'hd']
2023-07-24 07:08:19,448 - httpx - INFO - HTTP Request: POST https://api.telegram.org/bot6648405836:AAG0-vh6zU9yKdx3_K-PoYMyrKEvXYnI7yQ/sendMessage "HTTP/1.1 200 OK"
2023-07-24 07:08:24,323 - httpx - INFO - HTTP Request: POST https://api.telegram.org/bot6648405836:AAG0-vh6zU9yKdx3_K-PoYMyrKEvXYnI7yQ/getUpdates "HTTP/1.1 200 OK"
2023-07-24 07:08:24,339 - __main__ - INFO - ['123', '456']
2023-07-24 07:08:24,339 - __main__ - INFO - ['123', '456']
2023-07-24 07:08:24,341 - __main__ - INFO - ['123', '456']
2023-07-24 07:08:24,341 - __main__ - INFO - ['123', '456']
2023-07-24 07:08:24,657 - httpx - INFO - HTTP Request: POST https://api.telegram.org/bot6648405836:AAG0-vh6zU9yKdx3_K-PoYMyrKEvXYnI7yQ/sendMessage "HTTP/1.1 200 OK"
2023-07-24 07:08:26,660 - httpx - INFO - HTTP Request: POST https://api.telegram.org/bot6648405836:AAG0-vh6zU9yKdx3_K-PoYMyrKEvXYnI7yQ/getUpdates "HTTP/1.1 200 OK"
2023-07-24 07:08:26,983 - httpx - INFO - HTTP Request: POST https://api.telegram.org/bot6648405836:AAG0-vh6zU9yKdx3_K-PoYMyrKEvXYnI7yQ/sendMessage "HTTP/1.1 200 OK"
2023-07-24 07:08:27,299 - httpx - INFO - HTTP Request: POST https://api.telegram.org/bot6648405836:AAG0-vh6zU9yKdx3_K-PoYMyrKEvXYnI7yQ/sendMessage "HTTP/1.1 200 OK"
2023-07-24 07:08:57,594 - telegram.ext.Application - ERROR - No error handlers are registered, logging exception.
Traceback (most recent call last):
  File "/home/sr-gus/.local/lib/python3.9/site-packages/telegram/ext/_application.py", line 1173, in process_update
    await coroutine
  File "/home/sr-gus/.local/lib/python3.9/site-packages/telegram/ext/_conversationhandler.py", line 825, in handle_update
    new_state: object = await handler.handle_update(
  File "/home/sr-gus/.local/lib/python3.9/site-packages/telegram/ext/_basehandler.py", line 141, in handle_update
    return await self.callback(update, context)
  File "/home/sr-gus/telegram-bot-horarios/bot.py", line 148, in handle_confirmation
    options = await load_html(codes, update.message)
  File "/home/sr-gus/telegram-bot-horarios/bot.py", line 55, in load_html
    if html_text.status_code != 200:
AttributeError: 'str' object has no attribute 'status_code'
2023-07-24 07:09:08,839 - httpx - INFO - HTTP Request: POST https://api.telegram.org/bot6648405836:AAG0-vh6zU9yKdx3_K-PoYMyrKEvXYnI7yQ/getUpdates "HTTP/1.1 200 OK"
2023-07-24 07:09:19,011 - httpx - INFO - HTTP Request: POST https://api.telegram.org/bot6648405836:AAG0-vh6zU9yKdx3_K-PoYMyrKEvXYnI7yQ/getUpdates "HTTP/1.1 200 OK"
2023-07-24 07:09:29,181 - httpx - INFO - HTTP Request: POST https://api.telegram.org/bot6648405836:AAG0-vh6zU9yKdx3_K-PoYMyrKEvXYnI7yQ/getUpdates "HTTP/1.1 200 OK"
2023-07-24 07:09:39,354 - httpx - INFO - HTTP Request: POST https://api.telegram.org/bot6648405836:AAG0-vh6zU9yKdx3_K-PoYMyrKEvXYnI7yQ/getUpdates "HTTP/1.1 200 OK"
2023-07-24 07:09:49,528 - httpx - INFO - HTTP Request: POST https://api.telegram.org/bot6648405836:AAG0-vh6zU9yKdx3_K-PoYMyrKEvXYnI7yQ/getUpdates "HTTP/1.1 200 OK"
2023-07-24 07:09:59,703 - httpx - INFO - HTTP Request: POST https://api.telegram.org/bot6648405836:AAG0-vh6zU9yKdx3_K-PoYMyrKEvXYnI7yQ/getUpdates "HTTP/1.1 200 OK"
2023-07-24 07:10:09,875 - httpx - INFO - HTTP Request: POST https://api.telegram.org/bot6648405836:AAG0-vh6zU9yKdx3_K-PoYMyrKEvXYnI7yQ/getUpdates "HTTP/1.1 200 OK"
2023-07-24 07:10:20,060 - httpx - INFO - HTTP Request: POST https://api.telegram.org/bot6648405836:AAG0-vh6zU9yKdx3_K-PoYMyrKEvXYnI7yQ/getUpdates "HTTP/1.1 200 OK"
2023-07-24 07:10:20,272 - telegram.ext.Application - INFO - Application is stopping. This might take a moment.
2023-07-24 07:10:20,274 - telegram.ext.Application - INFO - Application.stop() complete
2023-07-24 07:10:26,473 - httpx - INFO - HTTP Request: POST https://api.telegram.org/bot6648405836:AAG0-vh6zU9yKdx3_K-PoYMyrKEvXYnI7yQ/getMe "HTTP/1.1 200 OK"
2023-07-24 07:10:26,648 - httpx - INFO - HTTP Request: POST https://api.telegram.org/bot6648405836:AAG0-vh6zU9yKdx3_K-PoYMyrKEvXYnI7yQ/deleteWebhook "HTTP/1.1 200 OK"
2023-07-24 07:10:26,661 - telegram.ext.Application - INFO - Application started
2023-07-24 07:10:28,062 - httpx - INFO - HTTP Request: POST https://api.telegram.org/bot6648405836:AAG0-vh6zU9yKdx3_K-PoYMyrKEvXYnI7yQ/getUpdates "HTTP/1.1 200 OK"
2023-07-24 07:10:28,377 - httpx - INFO - HTTP Request: POST https://api.telegram.org/bot6648405836:AAG0-vh6zU9yKdx3_K-PoYMyrKEvXYnI7yQ/sendMessage "HTTP/1.1 200 OK"
2023-07-24 07:10:28,682 - httpx - INFO - HTTP Request: POST https://api.telegram.org/bot6648405836:AAG0-vh6zU9yKdx3_K-PoYMyrKEvXYnI7yQ/sendMessage "HTTP/1.1 200 OK"
2023-07-24 07:10:29,016 - httpx - INFO - HTTP Request: POST https://api.telegram.org/bot6648405836:AAG0-vh6zU9yKdx3_K-PoYMyrKEvXYnI7yQ/sendMessage "HTTP/1.1 200 OK"
2023-07-24 07:10:34,411 - httpx - INFO - HTTP Request: POST https://api.telegram.org/bot6648405836:AAG0-vh6zU9yKdx3_K-PoYMyrKEvXYnI7yQ/getUpdates "HTTP/1.1 200 OK"
2023-07-24 07:10:34,427 - __main__ - INFO - ['123', '456']
2023-07-24 07:10:34,427 - __main__ - INFO - ['123', '456']
2023-07-24 07:10:34,429 - __main__ - INFO - ['123', '456']
2023-07-24 07:10:34,429 - __main__ - INFO - ['123', '456']
2023-07-24 07:10:35,054 - httpx - INFO - HTTP Request: POST https://api.telegram.org/bot6648405836:AAG0-vh6zU9yKdx3_K-PoYMyrKEvXYnI7yQ/sendMessage "HTTP/1.1 200 OK"
2023-07-24 07:10:36,328 - httpx - INFO - HTTP Request: POST https://api.telegram.org/bot6648405836:AAG0-vh6zU9yKdx3_K-PoYMyrKEvXYnI7yQ/getUpdates "HTTP/1.1 200 OK"
2023-07-24 07:10:36,636 - httpx - INFO - HTTP Request: POST https://api.telegram.org/bot6648405836:AAG0-vh6zU9yKdx3_K-PoYMyrKEvXYnI7yQ/sendMessage "HTTP/1.1 200 OK"
2023-07-24 07:10:36,938 - httpx - INFO - HTTP Request: POST https://api.telegram.org/bot6648405836:AAG0-vh6zU9yKdx3_K-PoYMyrKEvXYnI7yQ/sendMessage "HTTP/1.1 200 OK"
2023-07-24 07:10:47,122 - telegram.ext.Application - ERROR - No error handlers are registered, logging exception.
Traceback (most recent call last):
  File "/usr/lib/python3/dist-packages/urllib3/connectionpool.py", line 445, in _make_request
    six.raise_from(e, None)
  File "<string>", line 3, in raise_from
  File "/usr/lib/python3/dist-packages/urllib3/connectionpool.py", line 440, in _make_request
    httplib_response = conn.getresponse()
  File "/usr/lib/python3.9/http/client.py", line 1347, in getresponse
    response.begin()
  File "/usr/lib/python3.9/http/client.py", line 307, in begin
    version, status, reason = self._read_status()
  File "/usr/lib/python3.9/http/client.py", line 268, in _read_status
    line = str(self.fp.readline(_MAXLINE + 1), "iso-8859-1")
  File "/usr/lib/python3.9/socket.py", line 704, in readinto
    return self._sock.recv_into(b)
  File "/usr/lib/python3.9/ssl.py", line 1241, in recv_into
    return self.read(nbytes, buffer)
  File "/usr/lib/python3.9/ssl.py", line 1099, in read
    return self._sslobj.read(len, buffer)
socket.timeout: The read operation timed out

During handling of the above exception, another exception occurred:

Traceback (most recent call last):
  File "/usr/lib/python3/dist-packages/requests/adapters.py", line 439, in send
    resp = conn.urlopen(
  File "/usr/lib/python3/dist-packages/urllib3/connectionpool.py", line 755, in urlopen
    retries = retries.increment(
  File "/usr/lib/python3/dist-packages/urllib3/util/retry.py", line 532, in increment
    raise six.reraise(type(error), error, _stacktrace)
  File "/usr/lib/python3/dist-packages/six.py", line 719, in reraise
    raise value
  File "/usr/lib/python3/dist-packages/urllib3/connectionpool.py", line 699, in urlopen
    httplib_response = self._make_request(
  File "/usr/lib/python3/dist-packages/urllib3/connectionpool.py", line 447, in _make_request
    self._raise_timeout(err=e, url=url, timeout_value=read_timeout)
  File "/usr/lib/python3/dist-packages/urllib3/connectionpool.py", line 336, in _raise_timeout
    raise ReadTimeoutError(
urllib3.exceptions.ReadTimeoutError: HTTPSConnectionPool(host='www.ssa.ingenieria.unam.mx', port=443): Read timed out. (read timeout=10)

During handling of the above exception, another exception occurred:

Traceback (most recent call last):
  File "/home/sr-gus/.local/lib/python3.9/site-packages/telegram/ext/_application.py", line 1173, in process_update
    await coroutine
  File "/home/sr-gus/.local/lib/python3.9/site-packages/telegram/ext/_conversationhandler.py", line 825, in handle_update
    new_state: object = await handler.handle_update(
  File "/home/sr-gus/.local/lib/python3.9/site-packages/telegram/ext/_basehandler.py", line 141, in handle_update
    return await self.callback(update, context)
  File "/home/sr-gus/telegram-bot-horarios/bot.py", line 148, in handle_confirmation
    options = await load_html(codes, update.message)
  File "/home/sr-gus/telegram-bot-horarios/bot.py", line 54, in load_html
    html_text = get('https://www.ssa.ingenieria.unam.mx/cj/tmp/programacion_horarios/{}.html?_=1675362427735'.format(code), timeout=10).text
  File "/usr/lib/python3/dist-packages/requests/api.py", line 76, in get
    return request('get', url, params=params, **kwargs)
  File "/usr/lib/python3/dist-packages/requests/api.py", line 61, in request
    return session.request(method=method, url=url, **kwargs)
  File "/usr/lib/python3/dist-packages/requests/sessions.py", line 542, in request
    resp = self.send(prep, **send_kwargs)
  File "/usr/lib/python3/dist-packages/requests/sessions.py", line 655, in send
    r = adapter.send(request, **kwargs)
  File "/usr/lib/python3/dist-packages/requests/adapters.py", line 529, in send
    raise ReadTimeout(e, request=request)
requests.exceptions.ReadTimeout: HTTPSConnectionPool(host='www.ssa.ingenieria.unam.mx', port=443): Read timed out. (read timeout=10)
2023-07-24 07:10:47,180 - httpx - INFO - HTTP Request: POST https://api.telegram.org/bot6648405836:AAG0-vh6zU9yKdx3_K-PoYMyrKEvXYnI7yQ/getUpdates "HTTP/1.1 200 OK"
2023-07-24 07:10:57,345 - httpx - INFO - HTTP Request: POST https://api.telegram.org/bot6648405836:AAG0-vh6zU9yKdx3_K-PoYMyrKEvXYnI7yQ/getUpdates "HTTP/1.1 200 OK"
2023-07-24 07:11:07,504 - httpx - INFO - HTTP Request: POST https://api.telegram.org/bot6648405836:AAG0-vh6zU9yKdx3_K-PoYMyrKEvXYnI7yQ/getUpdates "HTTP/1.1 200 OK"
2023-07-24 07:11:17,674 - httpx - INFO - HTTP Request: POST https://api.telegram.org/bot6648405836:AAG0-vh6zU9yKdx3_K-PoYMyrKEvXYnI7yQ/getUpdates "HTTP/1.1 200 OK"
2023-07-24 07:11:27,862 - httpx - INFO - HTTP Request: POST https://api.telegram.org/bot6648405836:AAG0-vh6zU9yKdx3_K-PoYMyrKEvXYnI7yQ/getUpdates "HTTP/1.1 200 OK"
2023-07-24 07:11:38,054 - httpx - INFO - HTTP Request: POST https://api.telegram.org/bot6648405836:AAG0-vh6zU9yKdx3_K-PoYMyrKEvXYnI7yQ/getUpdates "HTTP/1.1 200 OK"
2023-07-24 07:11:48,221 - httpx - INFO - HTTP Request: POST https://api.telegram.org/bot6648405836:AAG0-vh6zU9yKdx3_K-PoYMyrKEvXYnI7yQ/getUpdates "HTTP/1.1 200 OK"
2023-07-24 07:11:58,385 - httpx - INFO - HTTP Request: POST https://api.telegram.org/bot6648405836:AAG0-vh6zU9yKdx3_K-PoYMyrKEvXYnI7yQ/getUpdates "HTTP/1.1 200 OK"
2023-07-24 07:12:08,552 - httpx - INFO - HTTP Request: POST https://api.telegram.org/bot6648405836:AAG0-vh6zU9yKdx3_K-PoYMyrKEvXYnI7yQ/getUpdates "HTTP/1.1 200 OK"
2023-07-24 07:12:18,738 - httpx - INFO - HTTP Request: POST https://api.telegram.org/bot6648405836:AAG0-vh6zU9yKdx3_K-PoYMyrKEvXYnI7yQ/getUpdates "HTTP/1.1 200 OK"
2023-07-24 07:12:28,902 - httpx - INFO - HTTP Request: POST https://api.telegram.org/bot6648405836:AAG0-vh6zU9yKdx3_K-PoYMyrKEvXYnI7yQ/getUpdates "HTTP/1.1 200 OK"
2023-07-24 07:12:39,071 - httpx - INFO - HTTP Request: POST https://api.telegram.org/bot6648405836:AAG0-vh6zU9yKdx3_K-PoYMyrKEvXYnI7yQ/getUpdates "HTTP/1.1 200 OK"
2023-07-24 07:12:49,239 - httpx - INFO - HTTP Request: POST https://api.telegram.org/bot6648405836:AAG0-vh6zU9yKdx3_K-PoYMyrKEvXYnI7yQ/getUpdates "HTTP/1.1 200 OK"
2023-07-24 07:12:59,401 - httpx - INFO - HTTP Request: POST https://api.telegram.org/bot6648405836:AAG0-vh6zU9yKdx3_K-PoYMyrKEvXYnI7yQ/getUpdates "HTTP/1.1 200 OK"
2023-07-24 07:13:09,567 - httpx - INFO - HTTP Request: POST https://api.telegram.org/bot6648405836:AAG0-vh6zU9yKdx3_K-PoYMyrKEvXYnI7yQ/getUpdates "HTTP/1.1 200 OK"
2023-07-24 07:13:19,747 - httpx - INFO - HTTP Request: POST https://api.telegram.org/bot6648405836:AAG0-vh6zU9yKdx3_K-PoYMyrKEvXYnI7yQ/getUpdates "HTTP/1.1 200 OK"
2023-07-24 07:13:29,915 - httpx - INFO - HTTP Request: POST https://api.telegram.org/bot6648405836:AAG0-vh6zU9yKdx3_K-PoYMyrKEvXYnI7yQ/getUpdates "HTTP/1.1 200 OK"
2023-07-24 07:13:40,083 - httpx - INFO - HTTP Request: POST https://api.telegram.org/bot6648405836:AAG0-vh6zU9yKdx3_K-PoYMyrKEvXYnI7yQ/getUpdates "HTTP/1.1 200 OK"
2023-07-24 07:13:50,238 - httpx - INFO - HTTP Request: POST https://api.telegram.org/bot6648405836:AAG0-vh6zU9yKdx3_K-PoYMyrKEvXYnI7yQ/getUpdates "HTTP/1.1 200 OK"
2023-07-24 07:14:00,400 - httpx - INFO - HTTP Request: POST https://api.telegram.org/bot6648405836:AAG0-vh6zU9yKdx3_K-PoYMyrKEvXYnI7yQ/getUpdates "HTTP/1.1 200 OK"
2023-07-24 07:14:10,570 - httpx - INFO - HTTP Request: POST https://api.telegram.org/bot6648405836:AAG0-vh6zU9yKdx3_K-PoYMyrKEvXYnI7yQ/getUpdates "HTTP/1.1 200 OK"
2023-07-24 07:14:20,130 - telegram.ext.Application - INFO - Application is stopping. This might take a moment.
2023-07-24 07:14:20,132 - telegram.ext.Application - INFO - Application.stop() complete
2023-07-24 07:14:24,964 - httpx - INFO - HTTP Request: POST https://api.telegram.org/bot6648405836:AAG0-vh6zU9yKdx3_K-PoYMyrKEvXYnI7yQ/getMe "HTTP/1.1 200 OK"
2023-07-24 07:14:25,128 - httpx - INFO - HTTP Request: POST https://api.telegram.org/bot6648405836:AAG0-vh6zU9yKdx3_K-PoYMyrKEvXYnI7yQ/deleteWebhook "HTTP/1.1 200 OK"
2023-07-24 07:14:25,142 - telegram.ext.Application - INFO - Application started
2023-07-24 07:14:32,658 - telegram.ext.Application - INFO - Application is stopping. This might take a moment.
2023-07-24 07:14:32,660 - telegram.ext.Application - INFO - Application.stop() complete
2023-07-24 07:14:40,915 - httpx - INFO - HTTP Request: POST https://api.telegram.org/bot6648405836:AAG0-vh6zU9yKdx3_K-PoYMyrKEvXYnI7yQ/getMe "HTTP/1.1 200 OK"
2023-07-24 07:14:41,076 - httpx - INFO - HTTP Request: POST https://api.telegram.org/bot6648405836:AAG0-vh6zU9yKdx3_K-PoYMyrKEvXYnI7yQ/deleteWebhook "HTTP/1.1 200 OK"
2023-07-24 07:14:41,089 - telegram.ext.Application - INFO - Application started
2023-07-24 07:14:46,111 - httpx - INFO - HTTP Request: POST https://api.telegram.org/bot6648405836:AAG0-vh6zU9yKdx3_K-PoYMyrKEvXYnI7yQ/getUpdates "HTTP/1.1 200 OK"
2023-07-24 07:14:46,764 - httpx - INFO - HTTP Request: POST https://api.telegram.org/bot6648405836:AAG0-vh6zU9yKdx3_K-PoYMyrKEvXYnI7yQ/sendMessage "HTTP/1.1 200 OK"
2023-07-24 07:14:47,090 - httpx - INFO - HTTP Request: POST https://api.telegram.org/bot6648405836:AAG0-vh6zU9yKdx3_K-PoYMyrKEvXYnI7yQ/sendMessage "HTTP/1.1 200 OK"
2023-07-24 07:14:47,406 - httpx - INFO - HTTP Request: POST https://api.telegram.org/bot6648405836:AAG0-vh6zU9yKdx3_K-PoYMyrKEvXYnI7yQ/sendMessage "HTTP/1.1 200 OK"
2023-07-24 07:14:52,450 - httpx - INFO - HTTP Request: POST https://api.telegram.org/bot6648405836:AAG0-vh6zU9yKdx3_K-PoYMyrKEvXYnI7yQ/getUpdates "HTTP/1.1 200 OK"
2023-07-24 07:14:52,466 - __main__ - INFO - ['123', '456', '789']
2023-07-24 07:14:52,466 - __main__ - INFO - ['123', '456', '789']
2023-07-24 07:14:52,468 - __main__ - INFO - ['123', '456', '789']
2023-07-24 07:14:52,468 - __main__ - INFO - ['123', '456', '789']
2023-07-24 07:14:53,149 - httpx - INFO - HTTP Request: POST https://api.telegram.org/bot6648405836:AAG0-vh6zU9yKdx3_K-PoYMyrKEvXYnI7yQ/sendMessage "HTTP/1.1 200 OK"
2023-07-24 07:14:54,667 - httpx - INFO - HTTP Request: POST https://api.telegram.org/bot6648405836:AAG0-vh6zU9yKdx3_K-PoYMyrKEvXYnI7yQ/getUpdates "HTTP/1.1 200 OK"
2023-07-24 07:14:55,025 - httpx - INFO - HTTP Request: POST https://api.telegram.org/bot6648405836:AAG0-vh6zU9yKdx3_K-PoYMyrKEvXYnI7yQ/sendMessage "HTTP/1.1 200 OK"
2023-07-24 07:14:55,366 - httpx - INFO - HTTP Request: POST https://api.telegram.org/bot6648405836:AAG0-vh6zU9yKdx3_K-PoYMyrKEvXYnI7yQ/sendMessage "HTTP/1.1 200 OK"
2023-07-24 07:15:05,549 - httpx - INFO - HTTP Request: POST https://api.telegram.org/bot6648405836:AAG0-vh6zU9yKdx3_K-PoYMyrKEvXYnI7yQ/getUpdates "HTTP/1.1 200 OK"
2023-07-24 07:15:06,180 - httpx - INFO - HTTP Request: POST https://api.telegram.org/bot6648405836:AAG0-vh6zU9yKdx3_K-PoYMyrKEvXYnI7yQ/sendMessage "HTTP/1.1 200 OK"
2023-07-24 07:15:16,412 - httpx - INFO - HTTP Request: POST https://api.telegram.org/bot6648405836:AAG0-vh6zU9yKdx3_K-PoYMyrKEvXYnI7yQ/getUpdates "HTTP/1.1 200 OK"
2023-07-24 07:15:17,403 - httpx - INFO - HTTP Request: POST https://api.telegram.org/bot6648405836:AAG0-vh6zU9yKdx3_K-PoYMyrKEvXYnI7yQ/sendMessage "HTTP/1.1 200 OK"
2023-07-24 07:15:27,663 - httpx - INFO - HTTP Request: POST https://api.telegram.org/bot6648405836:AAG0-vh6zU9yKdx3_K-PoYMyrKEvXYnI7yQ/getUpdates "HTTP/1.1 200 OK"
2023-07-24 07:15:28,369 - httpx - INFO - HTTP Request: POST https://api.telegram.org/bot6648405836:AAG0-vh6zU9yKdx3_K-PoYMyrKEvXYnI7yQ/sendMessage "HTTP/1.1 200 OK"
2023-07-24 07:15:28,378 - __main__ - INFO - {}
2023-07-24 07:15:28,378 - __main__ - INFO - {}
2023-07-24 07:15:28,687 - httpx - INFO - HTTP Request: POST https://api.telegram.org/bot6648405836:AAG0-vh6zU9yKdx3_K-PoYMyrKEvXYnI7yQ/sendMessage "HTTP/1.1 200 OK"
2023-07-24 07:15:37,839 - httpx - INFO - HTTP Request: POST https://api.telegram.org/bot6648405836:AAG0-vh6zU9yKdx3_K-PoYMyrKEvXYnI7yQ/getUpdates "HTTP/1.1 200 OK"
2023-07-24 07:15:48,011 - httpx - INFO - HTTP Request: POST https://api.telegram.org/bot6648405836:AAG0-vh6zU9yKdx3_K-PoYMyrKEvXYnI7yQ/getUpdates "HTTP/1.1 200 OK"
2023-07-24 07:15:55,951 - telegram.ext.Application - INFO - Application is stopping. This might take a moment.
2023-07-24 07:15:55,953 - telegram.ext.Application - INFO - Application.stop() complete
2023-07-24 07:16:00,924 - httpx - INFO - HTTP Request: POST https://api.telegram.org/bot6648405836:AAG0-vh6zU9yKdx3_K-PoYMyrKEvXYnI7yQ/getMe "HTTP/1.1 200 OK"
2023-07-24 07:16:01,081 - httpx - INFO - HTTP Request: POST https://api.telegram.org/bot6648405836:AAG0-vh6zU9yKdx3_K-PoYMyrKEvXYnI7yQ/deleteWebhook "HTTP/1.1 200 OK"
2023-07-24 07:16:01,093 - telegram.ext.Application - INFO - Application started
2023-07-24 07:16:02,903 - httpx - INFO - HTTP Request: POST https://api.telegram.org/bot6648405836:AAG0-vh6zU9yKdx3_K-PoYMyrKEvXYnI7yQ/getUpdates "HTTP/1.1 200 OK"
2023-07-24 07:16:03,254 - httpx - INFO - HTTP Request: POST https://api.telegram.org/bot6648405836:AAG0-vh6zU9yKdx3_K-PoYMyrKEvXYnI7yQ/sendMessage "HTTP/1.1 200 OK"
2023-07-24 07:16:03,563 - httpx - INFO - HTTP Request: POST https://api.telegram.org/bot6648405836:AAG0-vh6zU9yKdx3_K-PoYMyrKEvXYnI7yQ/sendMessage "HTTP/1.1 200 OK"
2023-07-24 07:16:03,897 - httpx - INFO - HTTP Request: POST https://api.telegram.org/bot6648405836:AAG0-vh6zU9yKdx3_K-PoYMyrKEvXYnI7yQ/sendMessage "HTTP/1.1 200 OK"
2023-07-24 07:16:13,086 - httpx - INFO - HTTP Request: POST https://api.telegram.org/bot6648405836:AAG0-vh6zU9yKdx3_K-PoYMyrKEvXYnI7yQ/getUpdates "HTTP/1.1 200 OK"
2023-07-24 07:16:17,448 - httpx - INFO - HTTP Request: POST https://api.telegram.org/bot6648405836:AAG0-vh6zU9yKdx3_K-PoYMyrKEvXYnI7yQ/getUpdates "HTTP/1.1 200 OK"
2023-07-24 07:16:17,463 - __main__ - INFO - ['123', '456', '789']
2023-07-24 07:16:17,463 - __main__ - INFO - ['123', '456', '789']
2023-07-24 07:16:17,465 - __main__ - INFO - ['123', '456', '789']
2023-07-24 07:16:17,465 - __main__ - INFO - ['123', '456', '789']
2023-07-24 07:16:18,094 - httpx - INFO - HTTP Request: POST https://api.telegram.org/bot6648405836:AAG0-vh6zU9yKdx3_K-PoYMyrKEvXYnI7yQ/sendMessage "HTTP/1.1 200 OK"
2023-07-24 07:16:21,312 - httpx - INFO - HTTP Request: POST https://api.telegram.org/bot6648405836:AAG0-vh6zU9yKdx3_K-PoYMyrKEvXYnI7yQ/getUpdates "HTTP/1.1 200 OK"
2023-07-24 07:16:21,656 - httpx - INFO - HTTP Request: POST https://api.telegram.org/bot6648405836:AAG0-vh6zU9yKdx3_K-PoYMyrKEvXYnI7yQ/sendMessage "HTTP/1.1 200 OK"
2023-07-24 07:16:21,973 - httpx - INFO - HTTP Request: POST https://api.telegram.org/bot6648405836:AAG0-vh6zU9yKdx3_K-PoYMyrKEvXYnI7yQ/sendMessage "HTTP/1.1 200 OK"
2023-07-24 07:16:32,148 - httpx - INFO - HTTP Request: POST https://api.telegram.org/bot6648405836:AAG0-vh6zU9yKdx3_K-PoYMyrKEvXYnI7yQ/getUpdates "HTTP/1.1 200 OK"
2023-07-24 07:16:37,161 - telegram.ext.Application - ERROR - No error handlers are registered, logging exception.
Traceback (most recent call last):
  File "/usr/lib/python3/dist-packages/urllib3/connectionpool.py", line 445, in _make_request
    six.raise_from(e, None)
  File "<string>", line 3, in raise_from
  File "/usr/lib/python3/dist-packages/urllib3/connectionpool.py", line 440, in _make_request
    httplib_response = conn.getresponse()
  File "/usr/lib/python3.9/http/client.py", line 1347, in getresponse
    response.begin()
  File "/usr/lib/python3.9/http/client.py", line 307, in begin
    version, status, reason = self._read_status()
  File "/usr/lib/python3.9/http/client.py", line 268, in _read_status
    line = str(self.fp.readline(_MAXLINE + 1), "iso-8859-1")
  File "/usr/lib/python3.9/socket.py", line 704, in readinto
    return self._sock.recv_into(b)
  File "/usr/lib/python3.9/ssl.py", line 1241, in recv_into
    return self.read(nbytes, buffer)
  File "/usr/lib/python3.9/ssl.py", line 1099, in read
    return self._sslobj.read(len, buffer)
socket.timeout: The read operation timed out

During handling of the above exception, another exception occurred:

Traceback (most recent call last):
  File "/usr/lib/python3/dist-packages/requests/adapters.py", line 439, in send
    resp = conn.urlopen(
  File "/usr/lib/python3/dist-packages/urllib3/connectionpool.py", line 755, in urlopen
    retries = retries.increment(
  File "/usr/lib/python3/dist-packages/urllib3/util/retry.py", line 532, in increment
    raise six.reraise(type(error), error, _stacktrace)
  File "/usr/lib/python3/dist-packages/six.py", line 719, in reraise
    raise value
  File "/usr/lib/python3/dist-packages/urllib3/connectionpool.py", line 699, in urlopen
    httplib_response = self._make_request(
  File "/usr/lib/python3/dist-packages/urllib3/connectionpool.py", line 447, in _make_request
    self._raise_timeout(err=e, url=url, timeout_value=read_timeout)
  File "/usr/lib/python3/dist-packages/urllib3/connectionpool.py", line 336, in _raise_timeout
    raise ReadTimeoutError(
urllib3.exceptions.ReadTimeoutError: HTTPSConnectionPool(host='www.ssa.ingenieria.unam.mx', port=443): Read timed out. (read timeout=10)

During handling of the above exception, another exception occurred:

Traceback (most recent call last):
  File "/home/sr-gus/telegram-bot-horarios/bot.py", line 55, in load_html
    html_text = requests.get('https://www.ssa.ingenieria.unam.mx/cj/tmp/programacion_horarios/{}.html?_=1675362427735'.format(code), timeout=10).text
  File "/usr/lib/python3/dist-packages/requests/api.py", line 76, in get
    return request('get', url, params=params, **kwargs)
  File "/usr/lib/python3/dist-packages/requests/api.py", line 61, in request
    return session.request(method=method, url=url, **kwargs)
  File "/usr/lib/python3/dist-packages/requests/sessions.py", line 542, in request
    resp = self.send(prep, **send_kwargs)
  File "/usr/lib/python3/dist-packages/requests/sessions.py", line 655, in send
    r = adapter.send(request, **kwargs)
  File "/usr/lib/python3/dist-packages/requests/adapters.py", line 529, in send
    raise ReadTimeout(e, request=request)
requests.exceptions.ReadTimeout: HTTPSConnectionPool(host='www.ssa.ingenieria.unam.mx', port=443): Read timed out. (read timeout=10)

During handling of the above exception, another exception occurred:

Traceback (most recent call last):
  File "/home/sr-gus/.local/lib/python3.9/site-packages/anyio/_core/_sockets.py", line 189, in connect_tcp
    addr_obj = ip_address(remote_host)
  File "/usr/lib/python3.9/ipaddress.py", line 53, in ip_address
    raise ValueError('%r does not appear to be an IPv4 or IPv6 address' %
ValueError: 'api.telegram.org' does not appear to be an IPv4 or IPv6 address

During handling of the above exception, another exception occurred:

Traceback (most recent call last):
  File "/home/sr-gus/.local/lib/python3.9/site-packages/httpcore/_backends/anyio.py", line 114, in connect_tcp
    stream: anyio.abc.ByteStream = await anyio.connect_tcp(
  File "/home/sr-gus/.local/lib/python3.9/site-packages/anyio/_core/_sockets.py", line 192, in connect_tcp
    gai_res = await getaddrinfo(
asyncio.exceptions.CancelledError

During handling of the above exception, another exception occurred:

Traceback (most recent call last):
  File "/home/sr-gus/.local/lib/python3.9/site-packages/httpcore/_exceptions.py", line 10, in map_exceptions
    yield
  File "/home/sr-gus/.local/lib/python3.9/site-packages/httpcore/_backends/anyio.py", line 121, in connect_tcp
    stream._raw_socket.setsockopt(*option)  # type: ignore[attr-defined] # pragma: no cover
  File "/home/sr-gus/.local/lib/python3.9/site-packages/anyio/_core/_tasks.py", line 119, in __exit__
    raise TimeoutError
TimeoutError

The above exception was the direct cause of the following exception:

Traceback (most recent call last):
  File "/home/sr-gus/.local/lib/python3.9/site-packages/httpx/_transports/default.py", line 60, in map_httpcore_exceptions
    yield
  File "/home/sr-gus/.local/lib/python3.9/site-packages/httpx/_transports/default.py", line 353, in handle_async_request
    resp = await self._pool.handle_async_request(req)
  File "/home/sr-gus/.local/lib/python3.9/site-packages/httpcore/_async/connection_pool.py", line 262, in handle_async_request
    raise exc
  File "/home/sr-gus/.local/lib/python3.9/site-packages/httpcore/_async/connection_pool.py", line 245, in handle_async_request
    response = await connection.handle_async_request(request)
  File "/home/sr-gus/.local/lib/python3.9/site-packages/httpcore/_async/connection.py", line 92, in handle_async_request
    raise exc
  File "/home/sr-gus/.local/lib/python3.9/site-packages/httpcore/_async/connection.py", line 69, in handle_async_request
    stream = await self._connect(request)
  File "/home/sr-gus/.local/lib/python3.9/site-packages/httpcore/_async/connection.py", line 117, in _connect
    stream = await self._network_backend.connect_tcp(**kwargs)
  File "/home/sr-gus/.local/lib/python3.9/site-packages/httpcore/_backends/auto.py", line 31, in connect_tcp
    return await self._backend.connect_tcp(
  File "/home/sr-gus/.local/lib/python3.9/site-packages/httpcore/_backends/anyio.py", line 121, in connect_tcp
    stream._raw_socket.setsockopt(*option)  # type: ignore[attr-defined] # pragma: no cover
  File "/usr/lib/python3.9/contextlib.py", line 135, in __exit__
    self.gen.throw(type, value, traceback)
  File "/home/sr-gus/.local/lib/python3.9/site-packages/httpcore/_exceptions.py", line 14, in map_exceptions
    raise to_exc(exc) from exc
httpcore.ConnectTimeout

The above exception was the direct cause of the following exception:

Traceback (most recent call last):
  File "/home/sr-gus/.local/lib/python3.9/site-packages/telegram/request/_httpxrequest.py", line 216, in do_request
    res = await self._client.request(
  File "/home/sr-gus/.local/lib/python3.9/site-packages/httpx/_client.py", line 1530, in request
    return await self.send(request, auth=auth, follow_redirects=follow_redirects)
  File "/home/sr-gus/.local/lib/python3.9/site-packages/httpx/_client.py", line 1617, in send
    response = await self._send_handling_auth(
  File "/home/sr-gus/.local/lib/python3.9/site-packages/httpx/_client.py", line 1645, in _send_handling_auth
    response = await self._send_handling_redirects(
  File "/home/sr-gus/.local/lib/python3.9/site-packages/httpx/_client.py", line 1682, in _send_handling_redirects
    response = await self._send_single_request(request)
  File "/home/sr-gus/.local/lib/python3.9/site-packages/httpx/_client.py", line 1719, in _send_single_request
    response = await transport.handle_async_request(request)
  File "/home/sr-gus/.local/lib/python3.9/site-packages/httpx/_transports/default.py", line 353, in handle_async_request
    resp = await self._pool.handle_async_request(req)
  File "/usr/lib/python3.9/contextlib.py", line 135, in __exit__
    self.gen.throw(type, value, traceback)
  File "/home/sr-gus/.local/lib/python3.9/site-packages/httpx/_transports/default.py", line 77, in map_httpcore_exceptions
    raise mapped_exc(message) from exc
httpx.ConnectTimeout

The above exception was the direct cause of the following exception:

Traceback (most recent call last):
  File "/home/sr-gus/.local/lib/python3.9/site-packages/telegram/ext/_application.py", line 1173, in process_update
    await coroutine
  File "/home/sr-gus/.local/lib/python3.9/site-packages/telegram/ext/_conversationhandler.py", line 825, in handle_update
    new_state: object = await handler.handle_update(
  File "/home/sr-gus/.local/lib/python3.9/site-packages/telegram/ext/_basehandler.py", line 141, in handle_update
    return await self.callback(update, context)
  File "/home/sr-gus/telegram-bot-horarios/bot.py", line 158, in handle_confirmation
    options = await load_html(codes, update.message)
  File "/home/sr-gus/telegram-bot-horarios/bot.py", line 63, in load_html
    await message.reply_text('No se pudieron obtener los grupos para el código {}.'.format(code))
  File "/home/sr-gus/.local/lib/python3.9/site-packages/telegram/_message.py", line 1082, in reply_text
    return await self.get_bot().send_message(
  File "/home/sr-gus/.local/lib/python3.9/site-packages/telegram/ext/_extbot.py", line 2644, in send_message
    return await super().send_message(
  File "/home/sr-gus/.local/lib/python3.9/site-packages/telegram/_bot.py", line 388, in decorator
    result = await func(self, *args, **kwargs)  # skipcq: PYL-E1102
  File "/home/sr-gus/.local/lib/python3.9/site-packages/telegram/_bot.py", line 814, in send_message
    return await self._send_message(
  File "/home/sr-gus/.local/lib/python3.9/site-packages/telegram/ext/_extbot.py", line 514, in _send_message
    result = await super()._send_message(
  File "/home/sr-gus/.local/lib/python3.9/site-packages/telegram/_bot.py", line 566, in _send_message
    result = await self._post(
  File "/home/sr-gus/.local/lib/python3.9/site-packages/telegram/_bot.py", line 476, in _post
    return await self._do_post(
  File "/home/sr-gus/.local/lib/python3.9/site-packages/telegram/ext/_extbot.py", line 332, in _do_post
    return await super()._do_post(
  File "/home/sr-gus/.local/lib/python3.9/site-packages/telegram/_bot.py", line 504, in _do_post
    return await request.post(
  File "/home/sr-gus/.local/lib/python3.9/site-packages/telegram/request/_baserequest.py", line 168, in post
    result = await self._request_wrapper(
  File "/home/sr-gus/.local/lib/python3.9/site-packages/telegram/request/_baserequest.py", line 288, in _request_wrapper
    raise exc
  File "/home/sr-gus/.local/lib/python3.9/site-packages/telegram/request/_baserequest.py", line 278, in _request_wrapper
    code, payload = await self.do_request(
  File "/home/sr-gus/.local/lib/python3.9/site-packages/telegram/request/_httpxrequest.py", line 233, in do_request
    raise TimedOut from err
telegram.error.TimedOut: Timed out
2023-07-24 07:16:42,328 - httpx - INFO - HTTP Request: POST https://api.telegram.org/bot6648405836:AAG0-vh6zU9yKdx3_K-PoYMyrKEvXYnI7yQ/getUpdates "HTTP/1.1 200 OK"
2023-07-24 07:16:52,527 - httpx - INFO - HTTP Request: POST https://api.telegram.org/bot6648405836:AAG0-vh6zU9yKdx3_K-PoYMyrKEvXYnI7yQ/getUpdates "HTTP/1.1 200 OK"
2023-07-24 07:17:02,696 - httpx - INFO - HTTP Request: POST https://api.telegram.org/bot6648405836:AAG0-vh6zU9yKdx3_K-PoYMyrKEvXYnI7yQ/getUpdates "HTTP/1.1 200 OK"
2023-07-24 07:17:12,862 - httpx - INFO - HTTP Request: POST https://api.telegram.org/bot6648405836:AAG0-vh6zU9yKdx3_K-PoYMyrKEvXYnI7yQ/getUpdates "HTTP/1.1 200 OK"
2023-07-24 07:17:16,087 - telegram.ext.Application - INFO - Application is stopping. This might take a moment.
2023-07-24 07:17:16,088 - telegram.ext.Application - INFO - Application.stop() complete
2023-07-24 07:17:21,131 - httpx - INFO - HTTP Request: POST https://api.telegram.org/bot6648405836:AAG0-vh6zU9yKdx3_K-PoYMyrKEvXYnI7yQ/getMe "HTTP/1.1 200 OK"
2023-07-24 07:17:21,290 - httpx - INFO - HTTP Request: POST https://api.telegram.org/bot6648405836:AAG0-vh6zU9yKdx3_K-PoYMyrKEvXYnI7yQ/deleteWebhook "HTTP/1.1 200 OK"
2023-07-24 07:17:21,302 - telegram.ext.Application - INFO - Application started
2023-07-24 07:17:21,803 - httpx - INFO - HTTP Request: POST https://api.telegram.org/bot6648405836:AAG0-vh6zU9yKdx3_K-PoYMyrKEvXYnI7yQ/getUpdates "HTTP/1.1 200 OK"
2023-07-24 07:17:22,129 - httpx - INFO - HTTP Request: POST https://api.telegram.org/bot6648405836:AAG0-vh6zU9yKdx3_K-PoYMyrKEvXYnI7yQ/sendMessage "HTTP/1.1 200 OK"
2023-07-24 07:17:22,441 - httpx - INFO - HTTP Request: POST https://api.telegram.org/bot6648405836:AAG0-vh6zU9yKdx3_K-PoYMyrKEvXYnI7yQ/sendMessage "HTTP/1.1 200 OK"
2023-07-24 07:17:22,743 - httpx - INFO - HTTP Request: POST https://api.telegram.org/bot6648405836:AAG0-vh6zU9yKdx3_K-PoYMyrKEvXYnI7yQ/sendMessage "HTTP/1.1 200 OK"
2023-07-24 07:17:25,955 - httpx - INFO - HTTP Request: POST https://api.telegram.org/bot6648405836:AAG0-vh6zU9yKdx3_K-PoYMyrKEvXYnI7yQ/getUpdates "HTTP/1.1 200 OK"
2023-07-24 07:17:25,963 - __main__ - INFO - ['123', '456', '789']
2023-07-24 07:17:25,963 - __main__ - INFO - ['123', '456', '789']
2023-07-24 07:17:25,964 - __main__ - INFO - ['123', '456', '789']
2023-07-24 07:17:25,964 - __main__ - INFO - ['123', '456', '789']
2023-07-24 07:17:26,256 - httpx - INFO - HTTP Request: POST https://api.telegram.org/bot6648405836:AAG0-vh6zU9yKdx3_K-PoYMyrKEvXYnI7yQ/sendMessage "HTTP/1.1 200 OK"
2023-07-24 07:17:27,881 - httpx - INFO - HTTP Request: POST https://api.telegram.org/bot6648405836:AAG0-vh6zU9yKdx3_K-PoYMyrKEvXYnI7yQ/getUpdates "HTTP/1.1 200 OK"
2023-07-24 07:17:28,222 - httpx - INFO - HTTP Request: POST https://api.telegram.org/bot6648405836:AAG0-vh6zU9yKdx3_K-PoYMyrKEvXYnI7yQ/sendMessage "HTTP/1.1 200 OK"
2023-07-24 07:17:28,523 - httpx - INFO - HTTP Request: POST https://api.telegram.org/bot6648405836:AAG0-vh6zU9yKdx3_K-PoYMyrKEvXYnI7yQ/sendMessage "HTTP/1.1 200 OK"
2023-07-24 07:17:38,744 - httpx - INFO - HTTP Request: POST https://api.telegram.org/bot6648405836:AAG0-vh6zU9yKdx3_K-PoYMyrKEvXYnI7yQ/getUpdates "HTTP/1.1 200 OK"
2023-07-24 07:17:39,385 - httpx - INFO - HTTP Request: POST https://api.telegram.org/bot6648405836:AAG0-vh6zU9yKdx3_K-PoYMyrKEvXYnI7yQ/sendMessage "HTTP/1.1 200 OK"
2023-07-24 07:17:39,727 - httpx - INFO - HTTP Request: POST https://api.telegram.org/bot6648405836:AAG0-vh6zU9yKdx3_K-PoYMyrKEvXYnI7yQ/editMessageText "HTTP/1.1 200 OK"
2023-07-24 07:17:49,952 - httpx - INFO - HTTP Request: POST https://api.telegram.org/bot6648405836:AAG0-vh6zU9yKdx3_K-PoYMyrKEvXYnI7yQ/getUpdates "HTTP/1.1 200 OK"
2023-07-24 07:17:50,613 - httpx - INFO - HTTP Request: POST https://api.telegram.org/bot6648405836:AAG0-vh6zU9yKdx3_K-PoYMyrKEvXYnI7yQ/sendMessage "HTTP/1.1 200 OK"
2023-07-24 07:17:50,916 - httpx - INFO - HTTP Request: POST https://api.telegram.org/bot6648405836:AAG0-vh6zU9yKdx3_K-PoYMyrKEvXYnI7yQ/editMessageText "HTTP/1.1 200 OK"
2023-07-24 07:18:01,130 - httpx - INFO - HTTP Request: POST https://api.telegram.org/bot6648405836:AAG0-vh6zU9yKdx3_K-PoYMyrKEvXYnI7yQ/getUpdates "HTTP/1.1 200 OK"
2023-07-24 07:18:01,787 - httpx - INFO - HTTP Request: POST https://api.telegram.org/bot6648405836:AAG0-vh6zU9yKdx3_K-PoYMyrKEvXYnI7yQ/sendMessage "HTTP/1.1 200 OK"
2023-07-24 07:18:02,090 - httpx - INFO - HTTP Request: POST https://api.telegram.org/bot6648405836:AAG0-vh6zU9yKdx3_K-PoYMyrKEvXYnI7yQ/editMessageText "HTTP/1.1 200 OK"
2023-07-24 07:18:02,099 - __main__ - INFO - {}
2023-07-24 07:18:02,099 - __main__ - INFO - {}
2023-07-24 07:18:02,446 - httpx - INFO - HTTP Request: POST https://api.telegram.org/bot6648405836:AAG0-vh6zU9yKdx3_K-PoYMyrKEvXYnI7yQ/sendMessage "HTTP/1.1 200 OK"
2023-07-24 07:18:11,308 - httpx - INFO - HTTP Request: POST https://api.telegram.org/bot6648405836:AAG0-vh6zU9yKdx3_K-PoYMyrKEvXYnI7yQ/getUpdates "HTTP/1.1 200 OK"
2023-07-24 07:18:21,476 - httpx - INFO - HTTP Request: POST https://api.telegram.org/bot6648405836:AAG0-vh6zU9yKdx3_K-PoYMyrKEvXYnI7yQ/getUpdates "HTTP/1.1 200 OK"
2023-07-24 07:18:31,643 - httpx - INFO - HTTP Request: POST https://api.telegram.org/bot6648405836:AAG0-vh6zU9yKdx3_K-PoYMyrKEvXYnI7yQ/getUpdates "HTTP/1.1 200 OK"
2023-07-24 07:18:41,806 - httpx - INFO - HTTP Request: POST https://api.telegram.org/bot6648405836:AAG0-vh6zU9yKdx3_K-PoYMyrKEvXYnI7yQ/getUpdates "HTTP/1.1 200 OK"
2023-07-24 07:18:51,972 - httpx - INFO - HTTP Request: POST https://api.telegram.org/bot6648405836:AAG0-vh6zU9yKdx3_K-PoYMyrKEvXYnI7yQ/getUpdates "HTTP/1.1 200 OK"
2023-07-24 07:19:02,135 - httpx - INFO - HTTP Request: POST https://api.telegram.org/bot6648405836:AAG0-vh6zU9yKdx3_K-PoYMyrKEvXYnI7yQ/getUpdates "HTTP/1.1 200 OK"
2023-07-24 07:19:12,313 - httpx - INFO - HTTP Request: POST https://api.telegram.org/bot6648405836:AAG0-vh6zU9yKdx3_K-PoYMyrKEvXYnI7yQ/getUpdates "HTTP/1.1 200 OK"
2023-07-24 07:19:14,636 - telegram.ext.Application - INFO - Application is stopping. This might take a moment.
2023-07-24 07:19:14,638 - telegram.ext.Application - INFO - Application.stop() complete
